Hmm ... looks like a package

This is pdfTeX, Version 3.141592653-2.6-1.40.22 (TeX Live 2021) (preloaded format=pdflatex)
 restricted \write18 enabled.
entering extended mode
LaTeX2e <2020-10-01> patch level 4
L3 programming layer <2021-05-07>
(./Rd2.tex
(/Users/yili/Library/TinyTeX/texmf-dist/tex/latex/base/book.cls
Document Class: book 2020/04/10 v1.4m Standard LaTeX document class
(/Users/yili/Library/TinyTeX/texmf-dist/tex/latex/base/bk10.clo))
(/Library/Frameworks/R.framework/Resources/share/texmf/tex/latex/Rd.sty
(/Users/yili/Library/TinyTeX/texmf-dist/tex/latex/base/ifthen.sty)
(/Users/yili/Library/TinyTeX/texmf-dist/tex/latex/tools/longtable.sty)
(/Users/yili/Library/TinyTeX/texmf-dist/tex/latex/tools/bm.sty)
(/Users/yili/Library/TinyTeX/texmf-dist/tex/latex/base/alltt.sty)
(/Users/yili/Library/TinyTeX/texmf-dist/tex/latex/tools/verbatim.sty)
(/Users/yili/Library/TinyTeX/texmf-dist/tex/latex/url/url.sty)
(/Users/yili/Library/TinyTeX/texmf-dist/tex/latex/base/textcomp.sty)
(/Users/yili/Library/TinyTeX/texmf-dist/tex/latex/base/fontenc.sty)
(/Users/yili/Library/TinyTeX/texmf-dist/tex/latex/psnfss/times.sty)
(/Users/yili/Library/TinyTeX/texmf-dist/tex/latex/inconsolata/zi4.sty
`inconsolata-zi4' v1.12, 2019/05/17 Text macros for Inconsolata (msharpe)
(/Users/yili/Library/TinyTeX/texmf-dist/tex/latex/xkeyval/xkeyval.sty
(/Users/yili/Library/TinyTeX/texmf-dist/tex/generic/xkeyval/xkeyval.tex
(/Users/yili/Library/TinyTeX/texmf-dist/tex/generic/xkeyval/xkvutils.tex
(/Users/yili/Library/TinyTeX/texmf-dist/tex/generic/xkeyval/keyval.tex)))))
(/Users/yili/Library/TinyTeX/texmf-dist/tex/latex/graphics/color.sty
(/Users/yili/Library/TinyTeX/texmf-dist/tex/latex/graphics-cfg/color.cfg)
(/Users/yili/Library/TinyTeX/texmf-dist/tex/latex/graphics-def/pdftex.def))
(/Users/yili/Library/TinyTeX/texmf-dist/tex/latex/hyperref/hyperref.sty
(/Users/yili/Library/TinyTeX/texmf-dist/tex/generic/ltxcmds/ltxcmds.sty)
(/Users/yili/Library/TinyTeX/texmf-dist/tex/generic/iftex/iftex.sty)
(/Users/yili/Library/TinyTeX/texmf-dist/tex/generic/pdftexcmds/pdftexcmds.sty
(/Users/yili/Library/TinyTeX/texmf-dist/tex/generic/infwarerr/infwarerr.sty))
(/Users/yili/Library/TinyTeX/texmf-dist/tex/generic/kvsetkeys/kvsetkeys.sty)
(/Users/yili/Library/TinyTeX/texmf-dist/tex/generic/kvdefinekeys/kvdefinekeys.s
ty) (/Users/yili/Library/TinyTeX/texmf-dist/tex/generic/pdfescape/pdfescape.sty
) (/Users/yili/Library/TinyTeX/texmf-dist/tex/latex/hycolor/hycolor.sty)
(/Users/yili/Library/TinyTeX/texmf-dist/tex/latex/letltxmacro/letltxmacro.sty)
(/Users/yili/Library/TinyTeX/texmf-dist/tex/latex/auxhook/auxhook.sty)
(/Users/yili/Library/TinyTeX/texmf-dist/tex/latex/kvoptions/kvoptions.sty)
(/Users/yili/Library/TinyTeX/texmf-dist/tex/latex/hyperref/pd1enc.def)
(/Users/yili/Library/TinyTeX/texmf-dist/tex/latex/hyperref/hyperref-langpatches
.def) (/Users/yili/Library/TinyTeX/texmf-dist/tex/generic/intcalc/intcalc.sty)
(/Users/yili/Library/TinyTeX/texmf-dist/tex/generic/etexcmds/etexcmds.sty)
(/Users/yili/Library/TinyTeX/texmf-dist/tex/latex/hyperref/puenc.def)
(/Users/yili/Library/TinyTeX/texmf-dist/tex/generic/bitset/bitset.sty
(/Users/yili/Library/TinyTeX/texmf-dist/tex/generic/bigintcalc/bigintcalc.sty))
(/Users/yili/Library/TinyTeX/texmf-dist/tex/latex/base/atbegshi-ltx.sty))
(/Users/yili/Library/TinyTeX/texmf-dist/tex/latex/hyperref/hpdftex.def
(/Users/yili/Library/TinyTeX/texmf-dist/tex/latex/base/atveryend-ltx.sty)
(/Users/yili/Library/TinyTeX/texmf-dist/tex/latex/rerunfilecheck/rerunfilecheck
.sty
(/Users/yili/Library/TinyTeX/texmf-dist/tex/generic/uniquecounter/uniquecounter
.sty)))

Package hyperref Warning: Option `hyperindex' has already been used,
(hyperref)                setting the option has no effect on input line 377.


Package hyperref Warning: Option `pagebackref' has already been used,
(hyperref)                setting the option has no effect on input line 377.

) (/Users/yili/Library/TinyTeX/texmf-dist/tex/latex/base/makeidx.sty)
(/Users/yili/Library/TinyTeX/texmf-dist/tex/latex/base/inputenc.sty)
Writing index file Rd2.idx
(/Users/yili/Library/TinyTeX/texmf-dist/tex/latex/psnfss/t1ptm.fd)
(/Users/yili/Library/TinyTeX/texmf-dist/tex/latex/l3backend/l3backend-pdftex.de
f)
No file Rd2.aux.
(/Users/yili/Library/TinyTeX/texmf-dist/tex/latex/hyperref/nameref.sty
(/Users/yili/Library/TinyTeX/texmf-dist/tex/latex/refcount/refcount.sty)
(/Users/yili/Library/TinyTeX/texmf-dist/tex/generic/gettitlestring/gettitlestri
ng.sty)) (/Users/yili/Library/TinyTeX/texmf-dist/tex/latex/psnfss/ts1ptm.fd)
(/Users/yili/Library/TinyTeX/texmf-dist/tex/latex/inconsolata/t1zi4.fd)
(/Users/yili/Library/TinyTeX/texmf-dist/tex/latex/psnfss/t1phv.fd) [1{/Users/yi
li/Library/TinyTeX/texmf-var/fonts/map/pdftex/updmap/pdftex.map}]
Overfull \hbox (12.81824pt too wide) in paragraph at lines 58--59
[]\T1/ptm/m/n/10 A char-ac-ter vec-tor of length 1. Me-di-a-tor re-gres-sion ty
pe: \T1/zi4/m/n/10 "linear" \T1/ptm/m/n/10 or \T1/zi4/m/n/10 "logistic"\T1/ptm/
m/n/10 . 
[2]
Overfull \hbox (12.81824pt too wide) in paragraph at lines 100--101
[]\T1/ptm/m/n/10 A char-ac-ter vec-tor of length 1. Me-di-a-tor re-gres-sion ty
pe: \T1/zi4/m/n/10 "linear" \T1/ptm/m/n/10 or \T1/zi4/m/n/10 "logistic"\T1/ptm/
m/n/10 . 

Overfull \hbox (5.20837pt too wide) in paragraph at lines 104--105
[]\T1/ptm/m/n/10 A char-ac-ter vec-tor of length 1. Out-come re-gres-sion type:
 \T1/zi4/m/n/10 "linear"\T1/ptm/m/n/10 , \T1/zi4/m/n/10 "logistic"\T1/ptm/m/n/1
0 ,

Overfull \hbox (52.38095pt too wide) in paragraph at lines 104--105
\T1/zi4/m/n/10 "loglinear"\T1/ptm/m/n/10 , \T1/zi4/m/n/10 "poisson"\T1/ptm/m/n/
10 , \T1/zi4/m/n/10 "negbin"\T1/ptm/m/n/10 , \T1/zi4/m/n/10 "survCox"\T1/ptm/m/
n/10 , \T1/zi4/m/n/10 "survAFT_exp"\T1/ptm/m/n/10 , or \T1/zi4/m/n/10 "survAFT_
weibull"\T1/ptm/m/n/10 . 
[3]
Overfull \hbox (12.81824pt too wide) in paragraph at lines 154--155
[]\T1/ptm/m/n/10 A char-ac-ter vec-tor of length 1. Me-di-a-tor re-gres-sion ty
pe: \T1/zi4/m/n/10 "linear" \T1/ptm/m/n/10 or \T1/zi4/m/n/10 "logistic"\T1/ptm/
m/n/10 . 

Overfull \hbox (5.20837pt too wide) in paragraph at lines 158--159
[]\T1/ptm/m/n/10 A char-ac-ter vec-tor of length 1. Out-come re-gres-sion type:
 \T1/zi4/m/n/10 "linear"\T1/ptm/m/n/10 , \T1/zi4/m/n/10 "logistic"\T1/ptm/m/n/1
0 ,

Overfull \hbox (52.38095pt too wide) in paragraph at lines 158--159
\T1/zi4/m/n/10 "loglinear"\T1/ptm/m/n/10 , \T1/zi4/m/n/10 "poisson"\T1/ptm/m/n/
10 , \T1/zi4/m/n/10 "negbin"\T1/ptm/m/n/10 , \T1/zi4/m/n/10 "survCox"\T1/ptm/m/
n/10 , \T1/zi4/m/n/10 "survAFT_exp"\T1/ptm/m/n/10 , or \T1/zi4/m/n/10 "survAFT_
weibull"\T1/ptm/m/n/10 . 
[4]
Overfull \hbox (12.81824pt too wide) in paragraph at lines 208--209
[]\T1/ptm/m/n/10 A char-ac-ter vec-tor of length 1. Me-di-a-tor re-gres-sion ty
pe: \T1/zi4/m/n/10 "linear" \T1/ptm/m/n/10 or \T1/zi4/m/n/10 "logistic"\T1/ptm/
m/n/10 . 

Overfull \hbox (5.20837pt too wide) in paragraph at lines 212--213
[]\T1/ptm/m/n/10 A char-ac-ter vec-tor of length 1. Out-come re-gres-sion type:
 \T1/zi4/m/n/10 "linear"\T1/ptm/m/n/10 , \T1/zi4/m/n/10 "logistic"\T1/ptm/m/n/1
0 ,

Overfull \hbox (52.38095pt too wide) in paragraph at lines 212--213
\T1/zi4/m/n/10 "loglinear"\T1/ptm/m/n/10 , \T1/zi4/m/n/10 "poisson"\T1/ptm/m/n/
10 , \T1/zi4/m/n/10 "negbin"\T1/ptm/m/n/10 , \T1/zi4/m/n/10 "survCox"\T1/ptm/m/
n/10 , \T1/zi4/m/n/10 "survAFT_exp"\T1/ptm/m/n/10 , or \T1/zi4/m/n/10 "survAFT_
weibull"\T1/ptm/m/n/10 . 
[5]
Overfull \hbox (12.81824pt too wide) in paragraph at lines 262--263
[]\T1/ptm/m/n/10 A char-ac-ter vec-tor of length 1. Me-di-a-tor re-gres-sion ty
pe: \T1/zi4/m/n/10 "linear" \T1/ptm/m/n/10 or \T1/zi4/m/n/10 "logistic"\T1/ptm/
m/n/10 . 

Overfull \hbox (5.20837pt too wide) in paragraph at lines 266--267
[]\T1/ptm/m/n/10 A char-ac-ter vec-tor of length 1. Out-come re-gres-sion type:
 \T1/zi4/m/n/10 "linear"\T1/ptm/m/n/10 , \T1/zi4/m/n/10 "logistic"\T1/ptm/m/n/1
0 ,

Overfull \hbox (52.38095pt too wide) in paragraph at lines 266--267
\T1/zi4/m/n/10 "loglinear"\T1/ptm/m/n/10 , \T1/zi4/m/n/10 "poisson"\T1/ptm/m/n/
10 , \T1/zi4/m/n/10 "negbin"\T1/ptm/m/n/10 , \T1/zi4/m/n/10 "survCox"\T1/ptm/m/
n/10 , \T1/zi4/m/n/10 "survAFT_exp"\T1/ptm/m/n/10 , or \T1/zi4/m/n/10 "survAFT_
weibull"\T1/ptm/m/n/10 . 
[6]
Overfull \hbox (12.81824pt too wide) in paragraph at lines 316--317
[]\T1/ptm/m/n/10 A char-ac-ter vec-tor of length 1. Me-di-a-tor re-gres-sion ty
pe: \T1/zi4/m/n/10 "linear" \T1/ptm/m/n/10 or \T1/zi4/m/n/10 "logistic"\T1/ptm/
m/n/10 . 

Overfull \hbox (5.20837pt too wide) in paragraph at lines 320--321
[]\T1/ptm/m/n/10 A char-ac-ter vec-tor of length 1. Out-come re-gres-sion type:
 \T1/zi4/m/n/10 "linear"\T1/ptm/m/n/10 , \T1/zi4/m/n/10 "logistic"\T1/ptm/m/n/1
0 ,

Overfull \hbox (52.38095pt too wide) in paragraph at lines 320--321
\T1/zi4/m/n/10 "loglinear"\T1/ptm/m/n/10 , \T1/zi4/m/n/10 "poisson"\T1/ptm/m/n/
10 , \T1/zi4/m/n/10 "negbin"\T1/ptm/m/n/10 , \T1/zi4/m/n/10 "survCox"\T1/ptm/m/
n/10 , \T1/zi4/m/n/10 "survAFT_exp"\T1/ptm/m/n/10 , or \T1/zi4/m/n/10 "survAFT_
weibull"\T1/ptm/m/n/10 . 
[7] (/Users/yili/Library/TinyTeX/texmf-dist/tex/latex/inconsolata/ts1zi4.fd)
[8] [9] [10]
Overfull \hbox (12.81824pt too wide) in paragraph at lines 549--550
[]\T1/ptm/m/n/10 A char-ac-ter vec-tor of length 1. Me-di-a-tor re-gres-sion ty
pe: \T1/zi4/m/n/10 "linear" \T1/ptm/m/n/10 or \T1/zi4/m/n/10 "logistic"\T1/ptm/
m/n/10 . 
[11]
Overfull \hbox (59.69934pt too wide) in paragraph at lines 570--571
\T1/ptm/m/n/10 (im-ple-mented as mod-i-fied Pois-son), \T1/zi4/m/n/10 "poisson"
\T1/ptm/m/n/10 , \T1/zi4/m/n/10 "negbin"\T1/ptm/m/n/10 , \T1/zi4/m/n/10 "survCo
x"\T1/ptm/m/n/10 , \T1/zi4/m/n/10 "survAFT_exp"\T1/ptm/m/n/10 , or \T1/zi4/m/n/
10 "survAFT_weibull"\T1/ptm/m/n/10 . 

Overfull \hbox (5.20837pt too wide) in paragraph at lines 592--593
[]\T1/ptm/m/n/10 A char-ac-ter vec-tor of length 1. Out-come re-gres-sion type:
 \T1/zi4/m/n/10 "linear"\T1/ptm/m/n/10 , \T1/zi4/m/n/10 "logistic"\T1/ptm/m/n/1
0 ,

Overfull \hbox (52.38095pt too wide) in paragraph at lines 592--593
\T1/zi4/m/n/10 "loglinear"\T1/ptm/m/n/10 , \T1/zi4/m/n/10 "poisson"\T1/ptm/m/n/
10 , \T1/zi4/m/n/10 "negbin"\T1/ptm/m/n/10 , \T1/zi4/m/n/10 "survCox"\T1/ptm/m/
n/10 , \T1/zi4/m/n/10 "survAFT_exp"\T1/ptm/m/n/10 , or \T1/zi4/m/n/10 "survAFT_
weibull"\T1/ptm/m/n/10 . 
[12] [13] [14]
Overfull \hbox (5.20837pt too wide) in paragraph at lines 741--742
[]\T1/ptm/m/n/10 A char-ac-ter vec-tor of length 1. Out-come re-gres-sion type:
 \T1/zi4/m/n/10 "linear"\T1/ptm/m/n/10 , \T1/zi4/m/n/10 "logistic"\T1/ptm/m/n/1
0 ,

Overfull \hbox (52.38095pt too wide) in paragraph at lines 741--742
\T1/zi4/m/n/10 "loglinear"\T1/ptm/m/n/10 , \T1/zi4/m/n/10 "poisson"\T1/ptm/m/n/
10 , \T1/zi4/m/n/10 "negbin"\T1/ptm/m/n/10 , \T1/zi4/m/n/10 "survCox"\T1/ptm/m/
n/10 , \T1/zi4/m/n/10 "survAFT_exp"\T1/ptm/m/n/10 , or \T1/zi4/m/n/10 "survAFT_
weibull"\T1/ptm/m/n/10 . 

Overfull \hbox (12.81824pt too wide) in paragraph at lines 743--744
[]\T1/ptm/m/n/10 A char-ac-ter vec-tor of length 1. Me-di-a-tor re-gres-sion ty
pe: \T1/zi4/m/n/10 "linear" \T1/ptm/m/n/10 or \T1/zi4/m/n/10 "logistic"\T1/ptm/
m/n/10 . 
[15] [16] [17] [18] [19]
Overfull \hbox (12.81824pt too wide) in paragraph at lines 997--998
[]\T1/ptm/m/n/10 A char-ac-ter vec-tor of length 1. Me-di-a-tor re-gres-sion ty
pe: \T1/zi4/m/n/10 "linear" \T1/ptm/m/n/10 or \T1/zi4/m/n/10 "logistic"\T1/ptm/
m/n/10 . 

Overfull \hbox (5.20837pt too wide) in paragraph at lines 999--1000
[]\T1/ptm/m/n/10 A char-ac-ter vec-tor of length 1. Out-come re-gres-sion type:
 \T1/zi4/m/n/10 "linear"\T1/ptm/m/n/10 , \T1/zi4/m/n/10 "logistic"\T1/ptm/m/n/1
0 ,

Overfull \hbox (52.38095pt too wide) in paragraph at lines 999--1000
\T1/zi4/m/n/10 "loglinear"\T1/ptm/m/n/10 , \T1/zi4/m/n/10 "poisson"\T1/ptm/m/n/
10 , \T1/zi4/m/n/10 "negbin"\T1/ptm/m/n/10 , \T1/zi4/m/n/10 "survCox"\T1/ptm/m/
n/10 , \T1/zi4/m/n/10 "survAFT_exp"\T1/ptm/m/n/10 , or \T1/zi4/m/n/10 "survAFT_
weibull"\T1/ptm/m/n/10 . 
[20] [21] [22] [23]
Overfull \hbox (5.20837pt too wide) in paragraph at lines 1228--1229
[]\T1/ptm/m/n/10 A char-ac-ter vec-tor of length 1. Out-come re-gres-sion type:
 \T1/zi4/m/n/10 "linear"\T1/ptm/m/n/10 , \T1/zi4/m/n/10 "logistic"\T1/ptm/m/n/1
0 ,

Overfull \hbox (52.38095pt too wide) in paragraph at lines 1228--1229
\T1/zi4/m/n/10 "loglinear"\T1/ptm/m/n/10 , \T1/zi4/m/n/10 "poisson"\T1/ptm/m/n/
10 , \T1/zi4/m/n/10 "negbin"\T1/ptm/m/n/10 , \T1/zi4/m/n/10 "survCox"\T1/ptm/m/
n/10 , \T1/zi4/m/n/10 "survAFT_exp"\T1/ptm/m/n/10 , or \T1/zi4/m/n/10 "survAFT_
weibull"\T1/ptm/m/n/10 . 
[24] [25]
Overfull \hbox (12.81824pt too wide) in paragraph at lines 1308--1309
[]\T1/ptm/m/n/10 A char-ac-ter vec-tor of length 1. Me-di-a-tor re-gres-sion ty
pe: \T1/zi4/m/n/10 "linear" \T1/ptm/m/n/10 or \T1/zi4/m/n/10 "logistic"\T1/ptm/
m/n/10 . 

Overfull \hbox (5.20837pt too wide) in paragraph at lines 1310--1311
[]\T1/ptm/m/n/10 A char-ac-ter vec-tor of length 1. Out-come re-gres-sion type:
 \T1/zi4/m/n/10 "linear"\T1/ptm/m/n/10 , \T1/zi4/m/n/10 "logistic"\T1/ptm/m/n/1
0 ,

Overfull \hbox (52.38095pt too wide) in paragraph at lines 1310--1311
\T1/zi4/m/n/10 "loglinear"\T1/ptm/m/n/10 , \T1/zi4/m/n/10 "poisson"\T1/ptm/m/n/
10 , \T1/zi4/m/n/10 "negbin"\T1/ptm/m/n/10 , \T1/zi4/m/n/10 "survCox"\T1/ptm/m/
n/10 , \T1/zi4/m/n/10 "survAFT_exp"\T1/ptm/m/n/10 , or \T1/zi4/m/n/10 "survAFT_
weibull"\T1/ptm/m/n/10 . 
[26] [27] [28]
No file Rd2.ind.
[29]
(/private/var/folders/tw/8n5jbz5s5xn7zybd_xkgv9y80000gn/T/RtmpkK8M1o/Rd2pdf4d18
1a025e68/Rd2.aux)

Package rerunfilecheck Warning: File `Rd2.out' has changed.
(rerunfilecheck)                Rerun to get outlines right
(rerunfilecheck)                or use package `bookmark'.

 )
(see the transcript file for additional information)pdfTeX warning (dest): name
{Rfn.sandwich} has been referenced but does not exist, replaced by a fixed one

pdfTeX warning (dest): name{Rfn.summary.glm} has been referenced but does not e
xist, replaced by a fixed one

pdfTeX warning (dest): name{Rfn.survreg} has been referenced but does not exist
, replaced by a fixed one

pdfTeX warning (dest): name{Rfn.coxph} has been referenced but does not exist, 
replaced by a fixed one

pdfTeX warning (dest): name{Rfn.glm.nb} has been referenced but does not exist,
 replaced by a fixed one

pdfTeX warning (dest): name{Rfn.glm} has been referenced but does not exist, re
placed by a fixed one

pdfTeX warning (dest): name{Rfn.lm} has been referenced but does not exist, rep
laced by a fixed one

pdfTeX warning (dest): name{Rfn.coef} has been referenced but does not exist, r
eplaced by a fixed one

{/Users/yili/Library/TinyTeX/texmf-dist/fonts/enc/dvips/inconsolata/i4-ts1.enc}
{/Users/yili/Library/TinyTeX/texmf-dist/fonts/enc/dvips/base/8r.enc}{/Users/yil
i/Library/TinyTeX/texmf-dist/fonts/enc/dvips/inconsolata/i4-t1-0.enc}</Users/yi
li/Library/TinyTeX/texmf-dist/fonts/type1/public/inconsolata/Inconsolata-zi4r.p
fb></Users/yili/Library/TinyTeX/texmf-dist/fonts/type1/urw/helvetic/uhvr8a.pfb>
</Users/yili/Library/TinyTeX/texmf-dist/fonts/type1/urw/times/utmb8a.pfb></User
s/yili/Library/TinyTeX/texmf-dist/fonts/type1/urw/times/utmr8a.pfb></Users/yili
/Library/TinyTeX/texmf-dist/fonts/type1/urw/times/utmr8a.pfb></Users/yili/Libra
ry/TinyTeX/texmf-dist/fonts/type1/urw/times/utmri8a.pfb>
Output written on Rd2.pdf (29 pages, 129904 bytes).
Transcript written on Rd2.log.
This is pdfTeX, Version 3.141592653-2.6-1.40.22 (TeX Live 2021) (preloaded format=pdflatex)
 restricted \write18 enabled.
entering extended mode
LaTeX2e <2020-10-01> patch level 4
L3 programming layer <2021-05-07>
(./Rd2.tex
(/Users/yili/Library/TinyTeX/texmf-dist/tex/latex/base/book.cls
Document Class: book 2020/04/10 v1.4m Standard LaTeX document class
(/Users/yili/Library/TinyTeX/texmf-dist/tex/latex/base/bk10.clo))
(/Library/Frameworks/R.framework/Resources/share/texmf/tex/latex/Rd.sty
(/Users/yili/Library/TinyTeX/texmf-dist/tex/latex/base/ifthen.sty)
(/Users/yili/Library/TinyTeX/texmf-dist/tex/latex/tools/longtable.sty)
(/Users/yili/Library/TinyTeX/texmf-dist/tex/latex/tools/bm.sty)
(/Users/yili/Library/TinyTeX/texmf-dist/tex/latex/base/alltt.sty)
(/Users/yili/Library/TinyTeX/texmf-dist/tex/latex/tools/verbatim.sty)
(/Users/yili/Library/TinyTeX/texmf-dist/tex/latex/url/url.sty)
(/Users/yili/Library/TinyTeX/texmf-dist/tex/latex/base/textcomp.sty)
(/Users/yili/Library/TinyTeX/texmf-dist/tex/latex/base/fontenc.sty)
(/Users/yili/Library/TinyTeX/texmf-dist/tex/latex/psnfss/times.sty)
(/Users/yili/Library/TinyTeX/texmf-dist/tex/latex/inconsolata/zi4.sty
`inconsolata-zi4' v1.12, 2019/05/17 Text macros for Inconsolata (msharpe)
(/Users/yili/Library/TinyTeX/texmf-dist/tex/latex/xkeyval/xkeyval.sty
(/Users/yili/Library/TinyTeX/texmf-dist/tex/generic/xkeyval/xkeyval.tex
(/Users/yili/Library/TinyTeX/texmf-dist/tex/generic/xkeyval/xkvutils.tex
(/Users/yili/Library/TinyTeX/texmf-dist/tex/generic/xkeyval/keyval.tex)))))
(/Users/yili/Library/TinyTeX/texmf-dist/tex/latex/graphics/color.sty
(/Users/yili/Library/TinyTeX/texmf-dist/tex/latex/graphics-cfg/color.cfg)
(/Users/yili/Library/TinyTeX/texmf-dist/tex/latex/graphics-def/pdftex.def))
(/Users/yili/Library/TinyTeX/texmf-dist/tex/latex/hyperref/hyperref.sty
(/Users/yili/Library/TinyTeX/texmf-dist/tex/generic/ltxcmds/ltxcmds.sty)
(/Users/yili/Library/TinyTeX/texmf-dist/tex/generic/iftex/iftex.sty)
(/Users/yili/Library/TinyTeX/texmf-dist/tex/generic/pdftexcmds/pdftexcmds.sty
(/Users/yili/Library/TinyTeX/texmf-dist/tex/generic/infwarerr/infwarerr.sty))
(/Users/yili/Library/TinyTeX/texmf-dist/tex/generic/kvsetkeys/kvsetkeys.sty)
(/Users/yili/Library/TinyTeX/texmf-dist/tex/generic/kvdefinekeys/kvdefinekeys.s
ty) (/Users/yili/Library/TinyTeX/texmf-dist/tex/generic/pdfescape/pdfescape.sty
) (/Users/yili/Library/TinyTeX/texmf-dist/tex/latex/hycolor/hycolor.sty)
(/Users/yili/Library/TinyTeX/texmf-dist/tex/latex/letltxmacro/letltxmacro.sty)
(/Users/yili/Library/TinyTeX/texmf-dist/tex/latex/auxhook/auxhook.sty)
(/Users/yili/Library/TinyTeX/texmf-dist/tex/latex/kvoptions/kvoptions.sty)
(/Users/yili/Library/TinyTeX/texmf-dist/tex/latex/hyperref/pd1enc.def)
(/Users/yili/Library/TinyTeX/texmf-dist/tex/latex/hyperref/hyperref-langpatches
.def) (/Users/yili/Library/TinyTeX/texmf-dist/tex/generic/intcalc/intcalc.sty)
(/Users/yili/Library/TinyTeX/texmf-dist/tex/generic/etexcmds/etexcmds.sty)
(/Users/yili/Library/TinyTeX/texmf-dist/tex/latex/hyperref/puenc.def)
(/Users/yili/Library/TinyTeX/texmf-dist/tex/generic/bitset/bitset.sty
(/Users/yili/Library/TinyTeX/texmf-dist/tex/generic/bigintcalc/bigintcalc.sty))
(/Users/yili/Library/TinyTeX/texmf-dist/tex/latex/base/atbegshi-ltx.sty))
(/Users/yili/Library/TinyTeX/texmf-dist/tex/latex/hyperref/hpdftex.def
(/Users/yili/Library/TinyTeX/texmf-dist/tex/latex/base/atveryend-ltx.sty)
(/Users/yili/Library/TinyTeX/texmf-dist/tex/latex/rerunfilecheck/rerunfilecheck
.sty
(/Users/yili/Library/TinyTeX/texmf-dist/tex/generic/uniquecounter/uniquecounter
.sty)))

Package hyperref Warning: Option `hyperindex' has already been used,
(hyperref)                setting the option has no effect on input line 377.


Package hyperref Warning: Option `pagebackref' has already been used,
(hyperref)                setting the option has no effect on input line 377.

) (/Users/yili/Library/TinyTeX/texmf-dist/tex/latex/base/makeidx.sty)
(/Users/yili/Library/TinyTeX/texmf-dist/tex/latex/base/inputenc.sty)
Writing index file Rd2.idx
(/Users/yili/Library/TinyTeX/texmf-dist/tex/latex/psnfss/t1ptm.fd)
(/Users/yili/Library/TinyTeX/texmf-dist/tex/latex/l3backend/l3backend-pdftex.de
f)
(/private/var/folders/tw/8n5jbz5s5xn7zybd_xkgv9y80000gn/T/RtmpkK8M1o/Rd2pdf4d18
1a025e68/Rd2.aux)
(/Users/yili/Library/TinyTeX/texmf-dist/tex/latex/hyperref/nameref.sty
(/Users/yili/Library/TinyTeX/texmf-dist/tex/latex/refcount/refcount.sty)
(/Users/yili/Library/TinyTeX/texmf-dist/tex/generic/gettitlestring/gettitlestri
ng.sty))
(/private/var/folders/tw/8n5jbz5s5xn7zybd_xkgv9y80000gn/T/RtmpkK8M1o/Rd2pdf4d18
1a025e68/Rd2.out)
(/private/var/folders/tw/8n5jbz5s5xn7zybd_xkgv9y80000gn/T/RtmpkK8M1o/Rd2pdf4d18
1a025e68/Rd2.out)
(/Users/yili/Library/TinyTeX/texmf-dist/tex/latex/psnfss/ts1ptm.fd)
(/Users/yili/Library/TinyTeX/texmf-dist/tex/latex/inconsolata/t1zi4.fd)
(/Users/yili/Library/TinyTeX/texmf-dist/tex/latex/psnfss/t1phv.fd)
(/private/var/folders/tw/8n5jbz5s5xn7zybd_xkgv9y80000gn/T/RtmpkK8M1o/Rd2pdf4d18
1a025e68/Rd2.toc [1{/Users/yili/Library/TinyTeX/texmf-var/fonts/map/pdftex/updm
ap/pdftex.map}])
Overfull \hbox (12.81824pt too wide) in paragraph at lines 58--59
[]\T1/ptm/m/n/10 A char-ac-ter vec-tor of length 1. Me-di-a-tor re-gres-sion ty
pe: \T1/zi4/m/n/10 "linear" \T1/ptm/m/n/10 or \T1/zi4/m/n/10 "logistic"\T1/ptm/
m/n/10 . 
[2]
Overfull \hbox (12.81824pt too wide) in paragraph at lines 100--101
[]\T1/ptm/m/n/10 A char-ac-ter vec-tor of length 1. Me-di-a-tor re-gres-sion ty
pe: \T1/zi4/m/n/10 "linear" \T1/ptm/m/n/10 or \T1/zi4/m/n/10 "logistic"\T1/ptm/
m/n/10 . 

Overfull \hbox (5.20837pt too wide) in paragraph at lines 104--105
[]\T1/ptm/m/n/10 A char-ac-ter vec-tor of length 1. Out-come re-gres-sion type:
 \T1/zi4/m/n/10 "linear"\T1/ptm/m/n/10 , \T1/zi4/m/n/10 "logistic"\T1/ptm/m/n/1
0 ,

Overfull \hbox (52.38095pt too wide) in paragraph at lines 104--105
\T1/zi4/m/n/10 "loglinear"\T1/ptm/m/n/10 , \T1/zi4/m/n/10 "poisson"\T1/ptm/m/n/
10 , \T1/zi4/m/n/10 "negbin"\T1/ptm/m/n/10 , \T1/zi4/m/n/10 "survCox"\T1/ptm/m/
n/10 , \T1/zi4/m/n/10 "survAFT_exp"\T1/ptm/m/n/10 , or \T1/zi4/m/n/10 "survAFT_
weibull"\T1/ptm/m/n/10 . 
[3]
Overfull \hbox (12.81824pt too wide) in paragraph at lines 154--155
[]\T1/ptm/m/n/10 A char-ac-ter vec-tor of length 1. Me-di-a-tor re-gres-sion ty
pe: \T1/zi4/m/n/10 "linear" \T1/ptm/m/n/10 or \T1/zi4/m/n/10 "logistic"\T1/ptm/
m/n/10 . 

Overfull \hbox (5.20837pt too wide) in paragraph at lines 158--159
[]\T1/ptm/m/n/10 A char-ac-ter vec-tor of length 1. Out-come re-gres-sion type:
 \T1/zi4/m/n/10 "linear"\T1/ptm/m/n/10 , \T1/zi4/m/n/10 "logistic"\T1/ptm/m/n/1
0 ,

Overfull \hbox (52.38095pt too wide) in paragraph at lines 158--159
\T1/zi4/m/n/10 "loglinear"\T1/ptm/m/n/10 , \T1/zi4/m/n/10 "poisson"\T1/ptm/m/n/
10 , \T1/zi4/m/n/10 "negbin"\T1/ptm/m/n/10 , \T1/zi4/m/n/10 "survCox"\T1/ptm/m/
n/10 , \T1/zi4/m/n/10 "survAFT_exp"\T1/ptm/m/n/10 , or \T1/zi4/m/n/10 "survAFT_
weibull"\T1/ptm/m/n/10 . 
[4]
Overfull \hbox (12.81824pt too wide) in paragraph at lines 208--209
[]\T1/ptm/m/n/10 A char-ac-ter vec-tor of length 1. Me-di-a-tor re-gres-sion ty
pe: \T1/zi4/m/n/10 "linear" \T1/ptm/m/n/10 or \T1/zi4/m/n/10 "logistic"\T1/ptm/
m/n/10 . 

Overfull \hbox (5.20837pt too wide) in paragraph at lines 212--213
[]\T1/ptm/m/n/10 A char-ac-ter vec-tor of length 1. Out-come re-gres-sion type:
 \T1/zi4/m/n/10 "linear"\T1/ptm/m/n/10 , \T1/zi4/m/n/10 "logistic"\T1/ptm/m/n/1
0 ,

Overfull \hbox (52.38095pt too wide) in paragraph at lines 212--213
\T1/zi4/m/n/10 "loglinear"\T1/ptm/m/n/10 , \T1/zi4/m/n/10 "poisson"\T1/ptm/m/n/
10 , \T1/zi4/m/n/10 "negbin"\T1/ptm/m/n/10 , \T1/zi4/m/n/10 "survCox"\T1/ptm/m/
n/10 , \T1/zi4/m/n/10 "survAFT_exp"\T1/ptm/m/n/10 , or \T1/zi4/m/n/10 "survAFT_
weibull"\T1/ptm/m/n/10 . 
[5]
Overfull \hbox (12.81824pt too wide) in paragraph at lines 262--263
[]\T1/ptm/m/n/10 A char-ac-ter vec-tor of length 1. Me-di-a-tor re-gres-sion ty
pe: \T1/zi4/m/n/10 "linear" \T1/ptm/m/n/10 or \T1/zi4/m/n/10 "logistic"\T1/ptm/
m/n/10 . 

Overfull \hbox (5.20837pt too wide) in paragraph at lines 266--267
[]\T1/ptm/m/n/10 A char-ac-ter vec-tor of length 1. Out-come re-gres-sion type:
 \T1/zi4/m/n/10 "linear"\T1/ptm/m/n/10 , \T1/zi4/m/n/10 "logistic"\T1/ptm/m/n/1
0 ,

Overfull \hbox (52.38095pt too wide) in paragraph at lines 266--267
\T1/zi4/m/n/10 "loglinear"\T1/ptm/m/n/10 , \T1/zi4/m/n/10 "poisson"\T1/ptm/m/n/
10 , \T1/zi4/m/n/10 "negbin"\T1/ptm/m/n/10 , \T1/zi4/m/n/10 "survCox"\T1/ptm/m/
n/10 , \T1/zi4/m/n/10 "survAFT_exp"\T1/ptm/m/n/10 , or \T1/zi4/m/n/10 "survAFT_
weibull"\T1/ptm/m/n/10 . 
[6]
Overfull \hbox (12.81824pt too wide) in paragraph at lines 316--317
[]\T1/ptm/m/n/10 A char-ac-ter vec-tor of length 1. Me-di-a-tor re-gres-sion ty
pe: \T1/zi4/m/n/10 "linear" \T1/ptm/m/n/10 or \T1/zi4/m/n/10 "logistic"\T1/ptm/
m/n/10 . 

Overfull \hbox (5.20837pt too wide) in paragraph at lines 320--321
[]\T1/ptm/m/n/10 A char-ac-ter vec-tor of length 1. Out-come re-gres-sion type:
 \T1/zi4/m/n/10 "linear"\T1/ptm/m/n/10 , \T1/zi4/m/n/10 "logistic"\T1/ptm/m/n/1
0 ,

Overfull \hbox (52.38095pt too wide) in paragraph at lines 320--321
\T1/zi4/m/n/10 "loglinear"\T1/ptm/m/n/10 , \T1/zi4/m/n/10 "poisson"\T1/ptm/m/n/
10 , \T1/zi4/m/n/10 "negbin"\T1/ptm/m/n/10 , \T1/zi4/m/n/10 "survCox"\T1/ptm/m/
n/10 , \T1/zi4/m/n/10 "survAFT_exp"\T1/ptm/m/n/10 , or \T1/zi4/m/n/10 "survAFT_
weibull"\T1/ptm/m/n/10 . 
[7] (/Users/yili/Library/TinyTeX/texmf-dist/tex/latex/inconsolata/ts1zi4.fd)
[8] [9] [10]
Overfull \hbox (12.81824pt too wide) in paragraph at lines 549--550
[]\T1/ptm/m/n/10 A char-ac-ter vec-tor of length 1. Me-di-a-tor re-gres-sion ty
pe: \T1/zi4/m/n/10 "linear" \T1/ptm/m/n/10 or \T1/zi4/m/n/10 "logistic"\T1/ptm/
m/n/10 . 
[11]
Overfull \hbox (59.69934pt too wide) in paragraph at lines 570--571
\T1/ptm/m/n/10 (im-ple-mented as mod-i-fied Pois-son), \T1/zi4/m/n/10 "poisson"
\T1/ptm/m/n/10 , \T1/zi4/m/n/10 "negbin"\T1/ptm/m/n/10 , \T1/zi4/m/n/10 "survCo
x"\T1/ptm/m/n/10 , \T1/zi4/m/n/10 "survAFT_exp"\T1/ptm/m/n/10 , or \T1/zi4/m/n/
10 "survAFT_weibull"\T1/ptm/m/n/10 . 

Overfull \hbox (5.20837pt too wide) in paragraph at lines 592--593
[]\T1/ptm/m/n/10 A char-ac-ter vec-tor of length 1. Out-come re-gres-sion type:
 \T1/zi4/m/n/10 "linear"\T1/ptm/m/n/10 , \T1/zi4/m/n/10 "logistic"\T1/ptm/m/n/1
0 ,

Overfull \hbox (52.38095pt too wide) in paragraph at lines 592--593
\T1/zi4/m/n/10 "loglinear"\T1/ptm/m/n/10 , \T1/zi4/m/n/10 "poisson"\T1/ptm/m/n/
10 , \T1/zi4/m/n/10 "negbin"\T1/ptm/m/n/10 , \T1/zi4/m/n/10 "survCox"\T1/ptm/m/
n/10 , \T1/zi4/m/n/10 "survAFT_exp"\T1/ptm/m/n/10 , or \T1/zi4/m/n/10 "survAFT_
weibull"\T1/ptm/m/n/10 . 
[12] [13] [14]
Overfull \hbox (5.20837pt too wide) in paragraph at lines 741--742
[]\T1/ptm/m/n/10 A char-ac-ter vec-tor of length 1. Out-come re-gres-sion type:
 \T1/zi4/m/n/10 "linear"\T1/ptm/m/n/10 , \T1/zi4/m/n/10 "logistic"\T1/ptm/m/n/1
0 ,

Overfull \hbox (52.38095pt too wide) in paragraph at lines 741--742
\T1/zi4/m/n/10 "loglinear"\T1/ptm/m/n/10 , \T1/zi4/m/n/10 "poisson"\T1/ptm/m/n/
10 , \T1/zi4/m/n/10 "negbin"\T1/ptm/m/n/10 , \T1/zi4/m/n/10 "survCox"\T1/ptm/m/
n/10 , \T1/zi4/m/n/10 "survAFT_exp"\T1/ptm/m/n/10 , or \T1/zi4/m/n/10 "survAFT_
weibull"\T1/ptm/m/n/10 . 

Overfull \hbox (12.81824pt too wide) in paragraph at lines 743--744
[]\T1/ptm/m/n/10 A char-ac-ter vec-tor of length 1. Me-di-a-tor re-gres-sion ty
pe: \T1/zi4/m/n/10 "linear" \T1/ptm/m/n/10 or \T1/zi4/m/n/10 "logistic"\T1/ptm/
m/n/10 . 
[15] [16] [17] [18] [19]
Overfull \hbox (12.81824pt too wide) in paragraph at lines 997--998
[]\T1/ptm/m/n/10 A char-ac-ter vec-tor of length 1. Me-di-a-tor re-gres-sion ty
pe: \T1/zi4/m/n/10 "linear" \T1/ptm/m/n/10 or \T1/zi4/m/n/10 "logistic"\T1/ptm/
m/n/10 . 

Overfull \hbox (5.20837pt too wide) in paragraph at lines 999--1000
[]\T1/ptm/m/n/10 A char-ac-ter vec-tor of length 1. Out-come re-gres-sion type:
 \T1/zi4/m/n/10 "linear"\T1/ptm/m/n/10 , \T1/zi4/m/n/10 "logistic"\T1/ptm/m/n/1
0 ,

Overfull \hbox (52.38095pt too wide) in paragraph at lines 999--1000
\T1/zi4/m/n/10 "loglinear"\T1/ptm/m/n/10 , \T1/zi4/m/n/10 "poisson"\T1/ptm/m/n/
10 , \T1/zi4/m/n/10 "negbin"\T1/ptm/m/n/10 , \T1/zi4/m/n/10 "survCox"\T1/ptm/m/
n/10 , \T1/zi4/m/n/10 "survAFT_exp"\T1/ptm/m/n/10 , or \T1/zi4/m/n/10 "survAFT_
weibull"\T1/ptm/m/n/10 . 
[20] [21] [22] [23]
Overfull \hbox (5.20837pt too wide) in paragraph at lines 1228--1229
[]\T1/ptm/m/n/10 A char-ac-ter vec-tor of length 1. Out-come re-gres-sion type:
 \T1/zi4/m/n/10 "linear"\T1/ptm/m/n/10 , \T1/zi4/m/n/10 "logistic"\T1/ptm/m/n/1
0 ,

Overfull \hbox (52.38095pt too wide) in paragraph at lines 1228--1229
\T1/zi4/m/n/10 "loglinear"\T1/ptm/m/n/10 , \T1/zi4/m/n/10 "poisson"\T1/ptm/m/n/
10 , \T1/zi4/m/n/10 "negbin"\T1/ptm/m/n/10 , \T1/zi4/m/n/10 "survCox"\T1/ptm/m/
n/10 , \T1/zi4/m/n/10 "survAFT_exp"\T1/ptm/m/n/10 , or \T1/zi4/m/n/10 "survAFT_
weibull"\T1/ptm/m/n/10 . 
[24] [25]
Overfull \hbox (12.81824pt too wide) in paragraph at lines 1308--1309
[]\T1/ptm/m/n/10 A char-ac-ter vec-tor of length 1. Me-di-a-tor re-gres-sion ty
pe: \T1/zi4/m/n/10 "linear" \T1/ptm/m/n/10 or \T1/zi4/m/n/10 "logistic"\T1/ptm/
m/n/10 . 

Overfull \hbox (5.20837pt too wide) in paragraph at lines 1310--1311
[]\T1/ptm/m/n/10 A char-ac-ter vec-tor of length 1. Out-come re-gres-sion type:
 \T1/zi4/m/n/10 "linear"\T1/ptm/m/n/10 , \T1/zi4/m/n/10 "logistic"\T1/ptm/m/n/1
0 ,

Overfull \hbox (52.38095pt too wide) in paragraph at lines 1310--1311
\T1/zi4/m/n/10 "loglinear"\T1/ptm/m/n/10 , \T1/zi4/m/n/10 "poisson"\T1/ptm/m/n/
10 , \T1/zi4/m/n/10 "negbin"\T1/ptm/m/n/10 , \T1/zi4/m/n/10 "survCox"\T1/ptm/m/
n/10 , \T1/zi4/m/n/10 "survAFT_exp"\T1/ptm/m/n/10 , or \T1/zi4/m/n/10 "survAFT_
weibull"\T1/ptm/m/n/10 . 
[26] [27] [28]
No file Rd2.ind.
[29]
(/private/var/folders/tw/8n5jbz5s5xn7zybd_xkgv9y80000gn/T/RtmpkK8M1o/Rd2pdf4d18
1a025e68/Rd2.aux) )
(see the transcript file for additional information)pdfTeX warning (dest): name
{Rfn.sandwich} has been referenced but does not exist, replaced by a fixed one

pdfTeX warning (dest): name{Rfn.summary.glm} has been referenced but does not e
xist, replaced by a fixed one

pdfTeX warning (dest): name{Rfn.survreg} has been referenced but does not exist
, replaced by a fixed one

pdfTeX warning (dest): name{Rfn.coxph} has been referenced but does not exist, 
replaced by a fixed one

pdfTeX warning (dest): name{Rfn.glm.nb} has been referenced but does not exist,
 replaced by a fixed one

pdfTeX warning (dest): name{Rfn.glm} has been referenced but does not exist, re
placed by a fixed one

pdfTeX warning (dest): name{Rfn.lm} has been referenced but does not exist, rep
laced by a fixed one

pdfTeX warning (dest): name{Rfn.coef} has been referenced but does not exist, r
eplaced by a fixed one

{/Users/yili/Library/TinyTeX/texmf-dist/fonts/enc/dvips/inconsolata/i4-ts1.enc}
{/Users/yili/Library/TinyTeX/texmf-dist/fonts/enc/dvips/base/8r.enc}{/Users/yil
i/Library/TinyTeX/texmf-dist/fonts/enc/dvips/inconsolata/i4-t1-0.enc}</Users/yi
li/Library/TinyTeX/texmf-dist/fonts/type1/public/inconsolata/Inconsolata-zi4r.p
fb></Users/yili/Library/TinyTeX/texmf-dist/fonts/type1/urw/helvetic/uhvr8a.pfb>
</Users/yili/Library/TinyTeX/texmf-dist/fonts/type1/urw/times/utmb8a.pfb></User
s/yili/Library/TinyTeX/texmf-dist/fonts/type1/urw/times/utmr8a.pfb></Users/yili
/Library/TinyTeX/texmf-dist/fonts/type1/urw/times/utmr8a.pfb></Users/yili/Libra
ry/TinyTeX/texmf-dist/fonts/type1/urw/times/utmri8a.pfb>
Output written on Rd2.pdf (29 pages, 133243 bytes).
Transcript written on Rd2.log.
This is makeindex, version 2.15 [TeX Live 2017] (kpathsea + Thai support).
Scanning input file Rd2.idx....done (66 entries accepted, 0 rejected).
Sorting entries....done (506 comparisons).
Generating output file Rd2.ind....done (90 lines written, 0 warnings).
Output written in Rd2.ind.
Transcript written in Rd2.ilg.
This is pdfTeX, Version 3.141592653-2.6-1.40.22 (TeX Live 2021) (preloaded format=pdflatex)
 restricted \write18 enabled.
entering extended mode
LaTeX2e <2020-10-01> patch level 4
L3 programming layer <2021-05-07>
(./Rd2.tex
(/Users/yili/Library/TinyTeX/texmf-dist/tex/latex/base/book.cls
Document Class: book 2020/04/10 v1.4m Standard LaTeX document class
(/Users/yili/Library/TinyTeX/texmf-dist/tex/latex/base/bk10.clo))
(/Library/Frameworks/R.framework/Resources/share/texmf/tex/latex/Rd.sty
(/Users/yili/Library/TinyTeX/texmf-dist/tex/latex/base/ifthen.sty)
(/Users/yili/Library/TinyTeX/texmf-dist/tex/latex/tools/longtable.sty)
(/Users/yili/Library/TinyTeX/texmf-dist/tex/latex/tools/bm.sty)
(/Users/yili/Library/TinyTeX/texmf-dist/tex/latex/base/alltt.sty)
(/Users/yili/Library/TinyTeX/texmf-dist/tex/latex/tools/verbatim.sty)
(/Users/yili/Library/TinyTeX/texmf-dist/tex/latex/url/url.sty)
(/Users/yili/Library/TinyTeX/texmf-dist/tex/latex/base/textcomp.sty)
(/Users/yili/Library/TinyTeX/texmf-dist/tex/latex/base/fontenc.sty)
(/Users/yili/Library/TinyTeX/texmf-dist/tex/latex/psnfss/times.sty)
(/Users/yili/Library/TinyTeX/texmf-dist/tex/latex/inconsolata/zi4.sty
`inconsolata-zi4' v1.12, 2019/05/17 Text macros for Inconsolata (msharpe)
(/Users/yili/Library/TinyTeX/texmf-dist/tex/latex/xkeyval/xkeyval.sty
(/Users/yili/Library/TinyTeX/texmf-dist/tex/generic/xkeyval/xkeyval.tex
(/Users/yili/Library/TinyTeX/texmf-dist/tex/generic/xkeyval/xkvutils.tex
(/Users/yili/Library/TinyTeX/texmf-dist/tex/generic/xkeyval/keyval.tex)))))
(/Users/yili/Library/TinyTeX/texmf-dist/tex/latex/graphics/color.sty
(/Users/yili/Library/TinyTeX/texmf-dist/tex/latex/graphics-cfg/color.cfg)
(/Users/yili/Library/TinyTeX/texmf-dist/tex/latex/graphics-def/pdftex.def))
(/Users/yili/Library/TinyTeX/texmf-dist/tex/latex/hyperref/hyperref.sty
(/Users/yili/Library/TinyTeX/texmf-dist/tex/generic/ltxcmds/ltxcmds.sty)
(/Users/yili/Library/TinyTeX/texmf-dist/tex/generic/iftex/iftex.sty)
(/Users/yili/Library/TinyTeX/texmf-dist/tex/generic/pdftexcmds/pdftexcmds.sty
(/Users/yili/Library/TinyTeX/texmf-dist/tex/generic/infwarerr/infwarerr.sty))
(/Users/yili/Library/TinyTeX/texmf-dist/tex/generic/kvsetkeys/kvsetkeys.sty)
(/Users/yili/Library/TinyTeX/texmf-dist/tex/generic/kvdefinekeys/kvdefinekeys.s
ty) (/Users/yili/Library/TinyTeX/texmf-dist/tex/generic/pdfescape/pdfescape.sty
) (/Users/yili/Library/TinyTeX/texmf-dist/tex/latex/hycolor/hycolor.sty)
(/Users/yili/Library/TinyTeX/texmf-dist/tex/latex/letltxmacro/letltxmacro.sty)
(/Users/yili/Library/TinyTeX/texmf-dist/tex/latex/auxhook/auxhook.sty)
(/Users/yili/Library/TinyTeX/texmf-dist/tex/latex/kvoptions/kvoptions.sty)
(/Users/yili/Library/TinyTeX/texmf-dist/tex/latex/hyperref/pd1enc.def)
(/Users/yili/Library/TinyTeX/texmf-dist/tex/latex/hyperref/hyperref-langpatches
.def) (/Users/yili/Library/TinyTeX/texmf-dist/tex/generic/intcalc/intcalc.sty)
(/Users/yili/Library/TinyTeX/texmf-dist/tex/generic/etexcmds/etexcmds.sty)
(/Users/yili/Library/TinyTeX/texmf-dist/tex/latex/hyperref/puenc.def)
(/Users/yili/Library/TinyTeX/texmf-dist/tex/generic/bitset/bitset.sty
(/Users/yili/Library/TinyTeX/texmf-dist/tex/generic/bigintcalc/bigintcalc.sty))
(/Users/yili/Library/TinyTeX/texmf-dist/tex/latex/base/atbegshi-ltx.sty))
(/Users/yili/Library/TinyTeX/texmf-dist/tex/latex/hyperref/hpdftex.def
(/Users/yili/Library/TinyTeX/texmf-dist/tex/latex/base/atveryend-ltx.sty)
(/Users/yili/Library/TinyTeX/texmf-dist/tex/latex/rerunfilecheck/rerunfilecheck
.sty
(/Users/yili/Library/TinyTeX/texmf-dist/tex/generic/uniquecounter/uniquecounter
.sty)))

Package hyperref Warning: Option `hyperindex' has already been used,
(hyperref)                setting the option has no effect on input line 377.


Package hyperref Warning: Option `pagebackref' has already been used,
(hyperref)                setting the option has no effect on input line 377.

) (/Users/yili/Library/TinyTeX/texmf-dist/tex/latex/base/makeidx.sty)
(/Users/yili/Library/TinyTeX/texmf-dist/tex/latex/base/inputenc.sty)
Writing index file Rd2.idx
(/Users/yili/Library/TinyTeX/texmf-dist/tex/latex/psnfss/t1ptm.fd)
(/Users/yili/Library/TinyTeX/texmf-dist/tex/latex/l3backend/l3backend-pdftex.de
f)
(/private/var/folders/tw/8n5jbz5s5xn7zybd_xkgv9y80000gn/T/RtmpkK8M1o/Rd2pdf4d18
1a025e68/Rd2.aux)
(/Users/yili/Library/TinyTeX/texmf-dist/tex/latex/hyperref/nameref.sty
(/Users/yili/Library/TinyTeX/texmf-dist/tex/latex/refcount/refcount.sty)
(/Users/yili/Library/TinyTeX/texmf-dist/tex/generic/gettitlestring/gettitlestri
ng.sty))
(/private/var/folders/tw/8n5jbz5s5xn7zybd_xkgv9y80000gn/T/RtmpkK8M1o/Rd2pdf4d18
1a025e68/Rd2.out)
(/private/var/folders/tw/8n5jbz5s5xn7zybd_xkgv9y80000gn/T/RtmpkK8M1o/Rd2pdf4d18
1a025e68/Rd2.out)
(/Users/yili/Library/TinyTeX/texmf-dist/tex/latex/psnfss/ts1ptm.fd)
(/Users/yili/Library/TinyTeX/texmf-dist/tex/latex/inconsolata/t1zi4.fd)
(/Users/yili/Library/TinyTeX/texmf-dist/tex/latex/psnfss/t1phv.fd)
(/private/var/folders/tw/8n5jbz5s5xn7zybd_xkgv9y80000gn/T/RtmpkK8M1o/Rd2pdf4d18
1a025e68/Rd2.toc [1{/Users/yili/Library/TinyTeX/texmf-var/fonts/map/pdftex/updm
ap/pdftex.map}])
Overfull \hbox (12.81824pt too wide) in paragraph at lines 58--59
[]\T1/ptm/m/n/10 A char-ac-ter vec-tor of length 1. Me-di-a-tor re-gres-sion ty
pe: \T1/zi4/m/n/10 "linear" \T1/ptm/m/n/10 or \T1/zi4/m/n/10 "logistic"\T1/ptm/
m/n/10 . 
[2]
Overfull \hbox (12.81824pt too wide) in paragraph at lines 100--101
[]\T1/ptm/m/n/10 A char-ac-ter vec-tor of length 1. Me-di-a-tor re-gres-sion ty
pe: \T1/zi4/m/n/10 "linear" \T1/ptm/m/n/10 or \T1/zi4/m/n/10 "logistic"\T1/ptm/
m/n/10 . 

Overfull \hbox (5.20837pt too wide) in paragraph at lines 104--105
[]\T1/ptm/m/n/10 A char-ac-ter vec-tor of length 1. Out-come re-gres-sion type:
 \T1/zi4/m/n/10 "linear"\T1/ptm/m/n/10 , \T1/zi4/m/n/10 "logistic"\T1/ptm/m/n/1
0 ,

Overfull \hbox (52.38095pt too wide) in paragraph at lines 104--105
\T1/zi4/m/n/10 "loglinear"\T1/ptm/m/n/10 , \T1/zi4/m/n/10 "poisson"\T1/ptm/m/n/
10 , \T1/zi4/m/n/10 "negbin"\T1/ptm/m/n/10 , \T1/zi4/m/n/10 "survCox"\T1/ptm/m/
n/10 , \T1/zi4/m/n/10 "survAFT_exp"\T1/ptm/m/n/10 , or \T1/zi4/m/n/10 "survAFT_
weibull"\T1/ptm/m/n/10 . 
[3]
Overfull \hbox (12.81824pt too wide) in paragraph at lines 154--155
[]\T1/ptm/m/n/10 A char-ac-ter vec-tor of length 1. Me-di-a-tor re-gres-sion ty
pe: \T1/zi4/m/n/10 "linear" \T1/ptm/m/n/10 or \T1/zi4/m/n/10 "logistic"\T1/ptm/
m/n/10 . 

Overfull \hbox (5.20837pt too wide) in paragraph at lines 158--159
[]\T1/ptm/m/n/10 A char-ac-ter vec-tor of length 1. Out-come re-gres-sion type:
 \T1/zi4/m/n/10 "linear"\T1/ptm/m/n/10 , \T1/zi4/m/n/10 "logistic"\T1/ptm/m/n/1
0 ,

Overfull \hbox (52.38095pt too wide) in paragraph at lines 158--159
\T1/zi4/m/n/10 "loglinear"\T1/ptm/m/n/10 , \T1/zi4/m/n/10 "poisson"\T1/ptm/m/n/
10 , \T1/zi4/m/n/10 "negbin"\T1/ptm/m/n/10 , \T1/zi4/m/n/10 "survCox"\T1/ptm/m/
n/10 , \T1/zi4/m/n/10 "survAFT_exp"\T1/ptm/m/n/10 , or \T1/zi4/m/n/10 "survAFT_
weibull"\T1/ptm/m/n/10 . 
[4]
Overfull \hbox (12.81824pt too wide) in paragraph at lines 208--209
[]\T1/ptm/m/n/10 A char-ac-ter vec-tor of length 1. Me-di-a-tor re-gres-sion ty
pe: \T1/zi4/m/n/10 "linear" \T1/ptm/m/n/10 or \T1/zi4/m/n/10 "logistic"\T1/ptm/
m/n/10 . 

Overfull \hbox (5.20837pt too wide) in paragraph at lines 212--213
[]\T1/ptm/m/n/10 A char-ac-ter vec-tor of length 1. Out-come re-gres-sion type:
 \T1/zi4/m/n/10 "linear"\T1/ptm/m/n/10 , \T1/zi4/m/n/10 "logistic"\T1/ptm/m/n/1
0 ,

Overfull \hbox (52.38095pt too wide) in paragraph at lines 212--213
\T1/zi4/m/n/10 "loglinear"\T1/ptm/m/n/10 , \T1/zi4/m/n/10 "poisson"\T1/ptm/m/n/
10 , \T1/zi4/m/n/10 "negbin"\T1/ptm/m/n/10 , \T1/zi4/m/n/10 "survCox"\T1/ptm/m/
n/10 , \T1/zi4/m/n/10 "survAFT_exp"\T1/ptm/m/n/10 , or \T1/zi4/m/n/10 "survAFT_
weibull"\T1/ptm/m/n/10 . 
[5]
Overfull \hbox (12.81824pt too wide) in paragraph at lines 262--263
[]\T1/ptm/m/n/10 A char-ac-ter vec-tor of length 1. Me-di-a-tor re-gres-sion ty
pe: \T1/zi4/m/n/10 "linear" \T1/ptm/m/n/10 or \T1/zi4/m/n/10 "logistic"\T1/ptm/
m/n/10 . 

Overfull \hbox (5.20837pt too wide) in paragraph at lines 266--267
[]\T1/ptm/m/n/10 A char-ac-ter vec-tor of length 1. Out-come re-gres-sion type:
 \T1/zi4/m/n/10 "linear"\T1/ptm/m/n/10 , \T1/zi4/m/n/10 "logistic"\T1/ptm/m/n/1
0 ,

Overfull \hbox (52.38095pt too wide) in paragraph at lines 266--267
\T1/zi4/m/n/10 "loglinear"\T1/ptm/m/n/10 , \T1/zi4/m/n/10 "poisson"\T1/ptm/m/n/
10 , \T1/zi4/m/n/10 "negbin"\T1/ptm/m/n/10 , \T1/zi4/m/n/10 "survCox"\T1/ptm/m/
n/10 , \T1/zi4/m/n/10 "survAFT_exp"\T1/ptm/m/n/10 , or \T1/zi4/m/n/10 "survAFT_
weibull"\T1/ptm/m/n/10 . 
[6]
Overfull \hbox (12.81824pt too wide) in paragraph at lines 316--317
[]\T1/ptm/m/n/10 A char-ac-ter vec-tor of length 1. Me-di-a-tor re-gres-sion ty
pe: \T1/zi4/m/n/10 "linear" \T1/ptm/m/n/10 or \T1/zi4/m/n/10 "logistic"\T1/ptm/
m/n/10 . 

Overfull \hbox (5.20837pt too wide) in paragraph at lines 320--321
[]\T1/ptm/m/n/10 A char-ac-ter vec-tor of length 1. Out-come re-gres-sion type:
 \T1/zi4/m/n/10 "linear"\T1/ptm/m/n/10 , \T1/zi4/m/n/10 "logistic"\T1/ptm/m/n/1
0 ,

Overfull \hbox (52.38095pt too wide) in paragraph at lines 320--321
\T1/zi4/m/n/10 "loglinear"\T1/ptm/m/n/10 , \T1/zi4/m/n/10 "poisson"\T1/ptm/m/n/
10 , \T1/zi4/m/n/10 "negbin"\T1/ptm/m/n/10 , \T1/zi4/m/n/10 "survCox"\T1/ptm/m/
n/10 , \T1/zi4/m/n/10 "survAFT_exp"\T1/ptm/m/n/10 , or \T1/zi4/m/n/10 "survAFT_
weibull"\T1/ptm/m/n/10 . 
[7] (/Users/yili/Library/TinyTeX/texmf-dist/tex/latex/inconsolata/ts1zi4.fd)
[8] [9] [10]
Overfull \hbox (12.81824pt too wide) in paragraph at lines 549--550
[]\T1/ptm/m/n/10 A char-ac-ter vec-tor of length 1. Me-di-a-tor re-gres-sion ty
pe: \T1/zi4/m/n/10 "linear" \T1/ptm/m/n/10 or \T1/zi4/m/n/10 "logistic"\T1/ptm/
m/n/10 . 
[11]
Overfull \hbox (59.69934pt too wide) in paragraph at lines 570--571
\T1/ptm/m/n/10 (im-ple-mented as mod-i-fied Pois-son), \T1/zi4/m/n/10 "poisson"
\T1/ptm/m/n/10 , \T1/zi4/m/n/10 "negbin"\T1/ptm/m/n/10 , \T1/zi4/m/n/10 "survCo
x"\T1/ptm/m/n/10 , \T1/zi4/m/n/10 "survAFT_exp"\T1/ptm/m/n/10 , or \T1/zi4/m/n/
10 "survAFT_weibull"\T1/ptm/m/n/10 . 

Overfull \hbox (5.20837pt too wide) in paragraph at lines 592--593
[]\T1/ptm/m/n/10 A char-ac-ter vec-tor of length 1. Out-come re-gres-sion type:
 \T1/zi4/m/n/10 "linear"\T1/ptm/m/n/10 , \T1/zi4/m/n/10 "logistic"\T1/ptm/m/n/1
0 ,

Overfull \hbox (52.38095pt too wide) in paragraph at lines 592--593
\T1/zi4/m/n/10 "loglinear"\T1/ptm/m/n/10 , \T1/zi4/m/n/10 "poisson"\T1/ptm/m/n/
10 , \T1/zi4/m/n/10 "negbin"\T1/ptm/m/n/10 , \T1/zi4/m/n/10 "survCox"\T1/ptm/m/
n/10 , \T1/zi4/m/n/10 "survAFT_exp"\T1/ptm/m/n/10 , or \T1/zi4/m/n/10 "survAFT_
weibull"\T1/ptm/m/n/10 . 
[12] [13] [14]
Overfull \hbox (5.20837pt too wide) in paragraph at lines 741--742
[]\T1/ptm/m/n/10 A char-ac-ter vec-tor of length 1. Out-come re-gres-sion type:
 \T1/zi4/m/n/10 "linear"\T1/ptm/m/n/10 , \T1/zi4/m/n/10 "logistic"\T1/ptm/m/n/1
0 ,

Overfull \hbox (52.38095pt too wide) in paragraph at lines 741--742
\T1/zi4/m/n/10 "loglinear"\T1/ptm/m/n/10 , \T1/zi4/m/n/10 "poisson"\T1/ptm/m/n/
10 , \T1/zi4/m/n/10 "negbin"\T1/ptm/m/n/10 , \T1/zi4/m/n/10 "survCox"\T1/ptm/m/
n/10 , \T1/zi4/m/n/10 "survAFT_exp"\T1/ptm/m/n/10 , or \T1/zi4/m/n/10 "survAFT_
weibull"\T1/ptm/m/n/10 . 

Overfull \hbox (12.81824pt too wide) in paragraph at lines 743--744
[]\T1/ptm/m/n/10 A char-ac-ter vec-tor of length 1. Me-di-a-tor re-gres-sion ty
pe: \T1/zi4/m/n/10 "linear" \T1/ptm/m/n/10 or \T1/zi4/m/n/10 "logistic"\T1/ptm/
m/n/10 . 
[15] [16] [17] [18] [19]
Overfull \hbox (12.81824pt too wide) in paragraph at lines 997--998
[]\T1/ptm/m/n/10 A char-ac-ter vec-tor of length 1. Me-di-a-tor re-gres-sion ty
pe: \T1/zi4/m/n/10 "linear" \T1/ptm/m/n/10 or \T1/zi4/m/n/10 "logistic"\T1/ptm/
m/n/10 . 

Overfull \hbox (5.20837pt too wide) in paragraph at lines 999--1000
[]\T1/ptm/m/n/10 A char-ac-ter vec-tor of length 1. Out-come re-gres-sion type:
 \T1/zi4/m/n/10 "linear"\T1/ptm/m/n/10 , \T1/zi4/m/n/10 "logistic"\T1/ptm/m/n/1
0 ,

Overfull \hbox (52.38095pt too wide) in paragraph at lines 999--1000
\T1/zi4/m/n/10 "loglinear"\T1/ptm/m/n/10 , \T1/zi4/m/n/10 "poisson"\T1/ptm/m/n/
10 , \T1/zi4/m/n/10 "negbin"\T1/ptm/m/n/10 , \T1/zi4/m/n/10 "survCox"\T1/ptm/m/
n/10 , \T1/zi4/m/n/10 "survAFT_exp"\T1/ptm/m/n/10 , or \T1/zi4/m/n/10 "survAFT_
weibull"\T1/ptm/m/n/10 . 
[20] [21] [22] [23]
Overfull \hbox (5.20837pt too wide) in paragraph at lines 1228--1229
[]\T1/ptm/m/n/10 A char-ac-ter vec-tor of length 1. Out-come re-gres-sion type:
 \T1/zi4/m/n/10 "linear"\T1/ptm/m/n/10 , \T1/zi4/m/n/10 "logistic"\T1/ptm/m/n/1
0 ,

Overfull \hbox (52.38095pt too wide) in paragraph at lines 1228--1229
\T1/zi4/m/n/10 "loglinear"\T1/ptm/m/n/10 , \T1/zi4/m/n/10 "poisson"\T1/ptm/m/n/
10 , \T1/zi4/m/n/10 "negbin"\T1/ptm/m/n/10 , \T1/zi4/m/n/10 "survCox"\T1/ptm/m/
n/10 , \T1/zi4/m/n/10 "survAFT_exp"\T1/ptm/m/n/10 , or \T1/zi4/m/n/10 "survAFT_
weibull"\T1/ptm/m/n/10 . 
[24] [25]
Overfull \hbox (12.81824pt too wide) in paragraph at lines 1308--1309
[]\T1/ptm/m/n/10 A char-ac-ter vec-tor of length 1. Me-di-a-tor re-gres-sion ty
pe: \T1/zi4/m/n/10 "linear" \T1/ptm/m/n/10 or \T1/zi4/m/n/10 "logistic"\T1/ptm/
m/n/10 . 

Overfull \hbox (5.20837pt too wide) in paragraph at lines 1310--1311
[]\T1/ptm/m/n/10 A char-ac-ter vec-tor of length 1. Out-come re-gres-sion type:
 \T1/zi4/m/n/10 "linear"\T1/ptm/m/n/10 , \T1/zi4/m/n/10 "logistic"\T1/ptm/m/n/1
0 ,

Overfull \hbox (52.38095pt too wide) in paragraph at lines 1310--1311
\T1/zi4/m/n/10 "loglinear"\T1/ptm/m/n/10 , \T1/zi4/m/n/10 "poisson"\T1/ptm/m/n/
10 , \T1/zi4/m/n/10 "negbin"\T1/ptm/m/n/10 , \T1/zi4/m/n/10 "survCox"\T1/ptm/m/
n/10 , \T1/zi4/m/n/10 "survAFT_exp"\T1/ptm/m/n/10 , or \T1/zi4/m/n/10 "survAFT_
weibull"\T1/ptm/m/n/10 . 
[26] [27] [28]
(/private/var/folders/tw/8n5jbz5s5xn7zybd_xkgv9y80000gn/T/RtmpkK8M1o/Rd2pdf4d18
1a025e68/Rd2.ind [29]
Overfull \hbox (3.3567pt too wide) in paragraph at lines 19--21
[]\T1/zi4/m/n/10 calc_myreg_mreg_logistic_yreg_logistic\T1/ptm/m/n/10 , 
[30])
(/private/var/folders/tw/8n5jbz5s5xn7zybd_xkgv9y80000gn/T/RtmpkK8M1o/Rd2pdf4d18
1a025e68/Rd2.aux)

Package rerunfilecheck Warning: File `Rd2.out' has changed.
(rerunfilecheck)                Rerun to get outlines right
(rerunfilecheck)                or use package `bookmark'.

 )
(see the transcript file for additional information)pdfTeX warning (dest): name
{Rfn.sandwich} has been referenced but does not exist, replaced by a fixed one

pdfTeX warning (dest): name{Rfn.summary.glm} has been referenced but does not e
xist, replaced by a fixed one

pdfTeX warning (dest): name{Rfn.survreg} has been referenced but does not exist
, replaced by a fixed one

pdfTeX warning (dest): name{Rfn.coxph} has been referenced but does not exist, 
replaced by a fixed one

pdfTeX warning (dest): name{Rfn.glm.nb} has been referenced but does not exist,
 replaced by a fixed one

pdfTeX warning (dest): name{Rfn.glm} has been referenced but does not exist, re
placed by a fixed one

pdfTeX warning (dest): name{Rfn.lm} has been referenced but does not exist, rep
laced by a fixed one

pdfTeX warning (dest): name{Rfn.coef} has been referenced but does not exist, r
eplaced by a fixed one

{/Users/yili/Library/TinyTeX/texmf-dist/fonts/enc/dvips/inconsolata/i4-ts1.enc}
{/Users/yili/Library/TinyTeX/texmf-dist/fonts/enc/dvips/base/8r.enc}{/Users/yil
i/Library/TinyTeX/texmf-dist/fonts/enc/dvips/inconsolata/i4-t1-0.enc}</Users/yi
li/Library/TinyTeX/texmf-dist/fonts/type1/public/inconsolata/Inconsolata-zi4r.p
fb></Users/yili/Library/TinyTeX/texmf-dist/fonts/type1/public/amsfonts/cm/cmsy1
0.pfb></Users/yili/Library/TinyTeX/texmf-dist/fonts/type1/urw/helvetic/uhvr8a.p
fb></Users/yili/Library/TinyTeX/texmf-dist/fonts/type1/urw/times/utmb8a.pfb></U
sers/yili/Library/TinyTeX/texmf-dist/fonts/type1/urw/times/utmr8a.pfb></Users/y
ili/Library/TinyTeX/texmf-dist/fonts/type1/urw/times/utmr8a.pfb></Users/yili/Li
brary/TinyTeX/texmf-dist/fonts/type1/urw/times/utmri8a.pfb>
Output written on Rd2.pdf (30 pages, 143687 bytes).
Transcript written on Rd2.log.
This is makeindex, version 2.15 [TeX Live 2017] (kpathsea + Thai support).
Scanning input file Rd2.idx....done (66 entries accepted, 0 rejected).
Sorting entries....done (506 comparisons).
Generating output file Rd2.ind....done (90 lines written, 0 warnings).
Output written in Rd2.ind.
Transcript written in Rd2.ilg.
This is pdfTeX, Version 3.141592653-2.6-1.40.22 (TeX Live 2021) (preloaded format=pdflatex)
 restricted \write18 enabled.
entering extended mode
LaTeX2e <2020-10-01> patch level 4
L3 programming layer <2021-05-07>
(./Rd2.tex
(/Users/yili/Library/TinyTeX/texmf-dist/tex/latex/base/book.cls
Document Class: book 2020/04/10 v1.4m Standard LaTeX document class
(/Users/yili/Library/TinyTeX/texmf-dist/tex/latex/base/bk10.clo))
(/Library/Frameworks/R.framework/Resources/share/texmf/tex/latex/Rd.sty
(/Users/yili/Library/TinyTeX/texmf-dist/tex/latex/base/ifthen.sty)
(/Users/yili/Library/TinyTeX/texmf-dist/tex/latex/tools/longtable.sty)
(/Users/yili/Library/TinyTeX/texmf-dist/tex/latex/tools/bm.sty)
(/Users/yili/Library/TinyTeX/texmf-dist/tex/latex/base/alltt.sty)
(/Users/yili/Library/TinyTeX/texmf-dist/tex/latex/tools/verbatim.sty)
(/Users/yili/Library/TinyTeX/texmf-dist/tex/latex/url/url.sty)
(/Users/yili/Library/TinyTeX/texmf-dist/tex/latex/base/textcomp.sty)
(/Users/yili/Library/TinyTeX/texmf-dist/tex/latex/base/fontenc.sty)
(/Users/yili/Library/TinyTeX/texmf-dist/tex/latex/psnfss/times.sty)
(/Users/yili/Library/TinyTeX/texmf-dist/tex/latex/inconsolata/zi4.sty
`inconsolata-zi4' v1.12, 2019/05/17 Text macros for Inconsolata (msharpe)
(/Users/yili/Library/TinyTeX/texmf-dist/tex/latex/xkeyval/xkeyval.sty
(/Users/yili/Library/TinyTeX/texmf-dist/tex/generic/xkeyval/xkeyval.tex
(/Users/yili/Library/TinyTeX/texmf-dist/tex/generic/xkeyval/xkvutils.tex
(/Users/yili/Library/TinyTeX/texmf-dist/tex/generic/xkeyval/keyval.tex)))))
(/Users/yili/Library/TinyTeX/texmf-dist/tex/latex/graphics/color.sty
(/Users/yili/Library/TinyTeX/texmf-dist/tex/latex/graphics-cfg/color.cfg)
(/Users/yili/Library/TinyTeX/texmf-dist/tex/latex/graphics-def/pdftex.def))
(/Users/yili/Library/TinyTeX/texmf-dist/tex/latex/hyperref/hyperref.sty
(/Users/yili/Library/TinyTeX/texmf-dist/tex/generic/ltxcmds/ltxcmds.sty)
(/Users/yili/Library/TinyTeX/texmf-dist/tex/generic/iftex/iftex.sty)
(/Users/yili/Library/TinyTeX/texmf-dist/tex/generic/pdftexcmds/pdftexcmds.sty
(/Users/yili/Library/TinyTeX/texmf-dist/tex/generic/infwarerr/infwarerr.sty))
(/Users/yili/Library/TinyTeX/texmf-dist/tex/generic/kvsetkeys/kvsetkeys.sty)
(/Users/yili/Library/TinyTeX/texmf-dist/tex/generic/kvdefinekeys/kvdefinekeys.s
ty) (/Users/yili/Library/TinyTeX/texmf-dist/tex/generic/pdfescape/pdfescape.sty
) (/Users/yili/Library/TinyTeX/texmf-dist/tex/latex/hycolor/hycolor.sty)
(/Users/yili/Library/TinyTeX/texmf-dist/tex/latex/letltxmacro/letltxmacro.sty)
(/Users/yili/Library/TinyTeX/texmf-dist/tex/latex/auxhook/auxhook.sty)
(/Users/yili/Library/TinyTeX/texmf-dist/tex/latex/kvoptions/kvoptions.sty)
(/Users/yili/Library/TinyTeX/texmf-dist/tex/latex/hyperref/pd1enc.def)
(/Users/yili/Library/TinyTeX/texmf-dist/tex/latex/hyperref/hyperref-langpatches
.def) (/Users/yili/Library/TinyTeX/texmf-dist/tex/generic/intcalc/intcalc.sty)
(/Users/yili/Library/TinyTeX/texmf-dist/tex/generic/etexcmds/etexcmds.sty)
(/Users/yili/Library/TinyTeX/texmf-dist/tex/latex/hyperref/puenc.def)
(/Users/yili/Library/TinyTeX/texmf-dist/tex/generic/bitset/bitset.sty
(/Users/yili/Library/TinyTeX/texmf-dist/tex/generic/bigintcalc/bigintcalc.sty))
(/Users/yili/Library/TinyTeX/texmf-dist/tex/latex/base/atbegshi-ltx.sty))
(/Users/yili/Library/TinyTeX/texmf-dist/tex/latex/hyperref/hpdftex.def
(/Users/yili/Library/TinyTeX/texmf-dist/tex/latex/base/atveryend-ltx.sty)
(/Users/yili/Library/TinyTeX/texmf-dist/tex/latex/rerunfilecheck/rerunfilecheck
.sty
(/Users/yili/Library/TinyTeX/texmf-dist/tex/generic/uniquecounter/uniquecounter
.sty)))

Package hyperref Warning: Option `hyperindex' has already been used,
(hyperref)                setting the option has no effect on input line 377.


Package hyperref Warning: Option `pagebackref' has already been used,
(hyperref)                setting the option has no effect on input line 377.

) (/Users/yili/Library/TinyTeX/texmf-dist/tex/latex/base/makeidx.sty)
(/Users/yili/Library/TinyTeX/texmf-dist/tex/latex/base/inputenc.sty)
Writing index file Rd2.idx
(/Users/yili/Library/TinyTeX/texmf-dist/tex/latex/psnfss/t1ptm.fd)
(/Users/yili/Library/TinyTeX/texmf-dist/tex/latex/l3backend/l3backend-pdftex.de
f)
(/private/var/folders/tw/8n5jbz5s5xn7zybd_xkgv9y80000gn/T/RtmpkK8M1o/Rd2pdf4d18
1a025e68/Rd2.aux)
(/Users/yili/Library/TinyTeX/texmf-dist/tex/latex/hyperref/nameref.sty
(/Users/yili/Library/TinyTeX/texmf-dist/tex/latex/refcount/refcount.sty)
(/Users/yili/Library/TinyTeX/texmf-dist/tex/generic/gettitlestring/gettitlestri
ng.sty))
(/private/var/folders/tw/8n5jbz5s5xn7zybd_xkgv9y80000gn/T/RtmpkK8M1o/Rd2pdf4d18
1a025e68/Rd2.out)
(/private/var/folders/tw/8n5jbz5s5xn7zybd_xkgv9y80000gn/T/RtmpkK8M1o/Rd2pdf4d18
1a025e68/Rd2.out)
(/Users/yili/Library/TinyTeX/texmf-dist/tex/latex/psnfss/ts1ptm.fd)
(/Users/yili/Library/TinyTeX/texmf-dist/tex/latex/inconsolata/t1zi4.fd)
(/Users/yili/Library/TinyTeX/texmf-dist/tex/latex/psnfss/t1phv.fd)
(/private/var/folders/tw/8n5jbz5s5xn7zybd_xkgv9y80000gn/T/RtmpkK8M1o/Rd2pdf4d18
1a025e68/Rd2.toc [1{/Users/yili/Library/TinyTeX/texmf-var/fonts/map/pdftex/updm
ap/pdftex.map}])
Overfull \hbox (12.81824pt too wide) in paragraph at lines 58--59
[]\T1/ptm/m/n/10 A char-ac-ter vec-tor of length 1. Me-di-a-tor re-gres-sion ty
pe: \T1/zi4/m/n/10 "linear" \T1/ptm/m/n/10 or \T1/zi4/m/n/10 "logistic"\T1/ptm/
m/n/10 . 
[2]
Overfull \hbox (12.81824pt too wide) in paragraph at lines 100--101
[]\T1/ptm/m/n/10 A char-ac-ter vec-tor of length 1. Me-di-a-tor re-gres-sion ty
pe: \T1/zi4/m/n/10 "linear" \T1/ptm/m/n/10 or \T1/zi4/m/n/10 "logistic"\T1/ptm/
m/n/10 . 

Overfull \hbox (5.20837pt too wide) in paragraph at lines 104--105
[]\T1/ptm/m/n/10 A char-ac-ter vec-tor of length 1. Out-come re-gres-sion type:
 \T1/zi4/m/n/10 "linear"\T1/ptm/m/n/10 , \T1/zi4/m/n/10 "logistic"\T1/ptm/m/n/1
0 ,

Overfull \hbox (52.38095pt too wide) in paragraph at lines 104--105
\T1/zi4/m/n/10 "loglinear"\T1/ptm/m/n/10 , \T1/zi4/m/n/10 "poisson"\T1/ptm/m/n/
10 , \T1/zi4/m/n/10 "negbin"\T1/ptm/m/n/10 , \T1/zi4/m/n/10 "survCox"\T1/ptm/m/
n/10 , \T1/zi4/m/n/10 "survAFT_exp"\T1/ptm/m/n/10 , or \T1/zi4/m/n/10 "survAFT_
weibull"\T1/ptm/m/n/10 . 
[3]
Overfull \hbox (12.81824pt too wide) in paragraph at lines 154--155
[]\T1/ptm/m/n/10 A char-ac-ter vec-tor of length 1. Me-di-a-tor re-gres-sion ty
pe: \T1/zi4/m/n/10 "linear" \T1/ptm/m/n/10 or \T1/zi4/m/n/10 "logistic"\T1/ptm/
m/n/10 . 

Overfull \hbox (5.20837pt too wide) in paragraph at lines 158--159
[]\T1/ptm/m/n/10 A char-ac-ter vec-tor of length 1. Out-come re-gres-sion type:
 \T1/zi4/m/n/10 "linear"\T1/ptm/m/n/10 , \T1/zi4/m/n/10 "logistic"\T1/ptm/m/n/1
0 ,

Overfull \hbox (52.38095pt too wide) in paragraph at lines 158--159
\T1/zi4/m/n/10 "loglinear"\T1/ptm/m/n/10 , \T1/zi4/m/n/10 "poisson"\T1/ptm/m/n/
10 , \T1/zi4/m/n/10 "negbin"\T1/ptm/m/n/10 , \T1/zi4/m/n/10 "survCox"\T1/ptm/m/
n/10 , \T1/zi4/m/n/10 "survAFT_exp"\T1/ptm/m/n/10 , or \T1/zi4/m/n/10 "survAFT_
weibull"\T1/ptm/m/n/10 . 
[4]
Overfull \hbox (12.81824pt too wide) in paragraph at lines 208--209
[]\T1/ptm/m/n/10 A char-ac-ter vec-tor of length 1. Me-di-a-tor re-gres-sion ty
pe: \T1/zi4/m/n/10 "linear" \T1/ptm/m/n/10 or \T1/zi4/m/n/10 "logistic"\T1/ptm/
m/n/10 . 

Overfull \hbox (5.20837pt too wide) in paragraph at lines 212--213
[]\T1/ptm/m/n/10 A char-ac-ter vec-tor of length 1. Out-come re-gres-sion type:
 \T1/zi4/m/n/10 "linear"\T1/ptm/m/n/10 , \T1/zi4/m/n/10 "logistic"\T1/ptm/m/n/1
0 ,

Overfull \hbox (52.38095pt too wide) in paragraph at lines 212--213
\T1/zi4/m/n/10 "loglinear"\T1/ptm/m/n/10 , \T1/zi4/m/n/10 "poisson"\T1/ptm/m/n/
10 , \T1/zi4/m/n/10 "negbin"\T1/ptm/m/n/10 , \T1/zi4/m/n/10 "survCox"\T1/ptm/m/
n/10 , \T1/zi4/m/n/10 "survAFT_exp"\T1/ptm/m/n/10 , or \T1/zi4/m/n/10 "survAFT_
weibull"\T1/ptm/m/n/10 . 
[5]
Overfull \hbox (12.81824pt too wide) in paragraph at lines 262--263
[]\T1/ptm/m/n/10 A char-ac-ter vec-tor of length 1. Me-di-a-tor re-gres-sion ty
pe: \T1/zi4/m/n/10 "linear" \T1/ptm/m/n/10 or \T1/zi4/m/n/10 "logistic"\T1/ptm/
m/n/10 . 

Overfull \hbox (5.20837pt too wide) in paragraph at lines 266--267
[]\T1/ptm/m/n/10 A char-ac-ter vec-tor of length 1. Out-come re-gres-sion type:
 \T1/zi4/m/n/10 "linear"\T1/ptm/m/n/10 , \T1/zi4/m/n/10 "logistic"\T1/ptm/m/n/1
0 ,

Overfull \hbox (52.38095pt too wide) in paragraph at lines 266--267
\T1/zi4/m/n/10 "loglinear"\T1/ptm/m/n/10 , \T1/zi4/m/n/10 "poisson"\T1/ptm/m/n/
10 , \T1/zi4/m/n/10 "negbin"\T1/ptm/m/n/10 , \T1/zi4/m/n/10 "survCox"\T1/ptm/m/
n/10 , \T1/zi4/m/n/10 "survAFT_exp"\T1/ptm/m/n/10 , or \T1/zi4/m/n/10 "survAFT_
weibull"\T1/ptm/m/n/10 . 
[6]
Overfull \hbox (12.81824pt too wide) in paragraph at lines 316--317
[]\T1/ptm/m/n/10 A char-ac-ter vec-tor of length 1. Me-di-a-tor re-gres-sion ty
pe: \T1/zi4/m/n/10 "linear" \T1/ptm/m/n/10 or \T1/zi4/m/n/10 "logistic"\T1/ptm/
m/n/10 . 

Overfull \hbox (5.20837pt too wide) in paragraph at lines 320--321
[]\T1/ptm/m/n/10 A char-ac-ter vec-tor of length 1. Out-come re-gres-sion type:
 \T1/zi4/m/n/10 "linear"\T1/ptm/m/n/10 , \T1/zi4/m/n/10 "logistic"\T1/ptm/m/n/1
0 ,

Overfull \hbox (52.38095pt too wide) in paragraph at lines 320--321
\T1/zi4/m/n/10 "loglinear"\T1/ptm/m/n/10 , \T1/zi4/m/n/10 "poisson"\T1/ptm/m/n/
10 , \T1/zi4/m/n/10 "negbin"\T1/ptm/m/n/10 , \T1/zi4/m/n/10 "survCox"\T1/ptm/m/
n/10 , \T1/zi4/m/n/10 "survAFT_exp"\T1/ptm/m/n/10 , or \T1/zi4/m/n/10 "survAFT_
weibull"\T1/ptm/m/n/10 . 
[7] (/Users/yili/Library/TinyTeX/texmf-dist/tex/latex/inconsolata/ts1zi4.fd)
[8] [9] [10]
Overfull \hbox (12.81824pt too wide) in paragraph at lines 549--550
[]\T1/ptm/m/n/10 A char-ac-ter vec-tor of length 1. Me-di-a-tor re-gres-sion ty
pe: \T1/zi4/m/n/10 "linear" \T1/ptm/m/n/10 or \T1/zi4/m/n/10 "logistic"\T1/ptm/
m/n/10 . 
[11]
Overfull \hbox (59.69934pt too wide) in paragraph at lines 570--571
\T1/ptm/m/n/10 (im-ple-mented as mod-i-fied Pois-son), \T1/zi4/m/n/10 "poisson"
\T1/ptm/m/n/10 , \T1/zi4/m/n/10 "negbin"\T1/ptm/m/n/10 , \T1/zi4/m/n/10 "survCo
x"\T1/ptm/m/n/10 , \T1/zi4/m/n/10 "survAFT_exp"\T1/ptm/m/n/10 , or \T1/zi4/m/n/
10 "survAFT_weibull"\T1/ptm/m/n/10 . 

Overfull \hbox (5.20837pt too wide) in paragraph at lines 592--593
[]\T1/ptm/m/n/10 A char-ac-ter vec-tor of length 1. Out-come re-gres-sion type:
 \T1/zi4/m/n/10 "linear"\T1/ptm/m/n/10 , \T1/zi4/m/n/10 "logistic"\T1/ptm/m/n/1
0 ,

Overfull \hbox (52.38095pt too wide) in paragraph at lines 592--593
\T1/zi4/m/n/10 "loglinear"\T1/ptm/m/n/10 , \T1/zi4/m/n/10 "poisson"\T1/ptm/m/n/
10 , \T1/zi4/m/n/10 "negbin"\T1/ptm/m/n/10 , \T1/zi4/m/n/10 "survCox"\T1/ptm/m/
n/10 , \T1/zi4/m/n/10 "survAFT_exp"\T1/ptm/m/n/10 , or \T1/zi4/m/n/10 "survAFT_
weibull"\T1/ptm/m/n/10 . 
[12] [13] [14]
Overfull \hbox (5.20837pt too wide) in paragraph at lines 741--742
[]\T1/ptm/m/n/10 A char-ac-ter vec-tor of length 1. Out-come re-gres-sion type:
 \T1/zi4/m/n/10 "linear"\T1/ptm/m/n/10 , \T1/zi4/m/n/10 "logistic"\T1/ptm/m/n/1
0 ,

Overfull \hbox (52.38095pt too wide) in paragraph at lines 741--742
\T1/zi4/m/n/10 "loglinear"\T1/ptm/m/n/10 , \T1/zi4/m/n/10 "poisson"\T1/ptm/m/n/
10 , \T1/zi4/m/n/10 "negbin"\T1/ptm/m/n/10 , \T1/zi4/m/n/10 "survCox"\T1/ptm/m/
n/10 , \T1/zi4/m/n/10 "survAFT_exp"\T1/ptm/m/n/10 , or \T1/zi4/m/n/10 "survAFT_
weibull"\T1/ptm/m/n/10 . 

Overfull \hbox (12.81824pt too wide) in paragraph at lines 743--744
[]\T1/ptm/m/n/10 A char-ac-ter vec-tor of length 1. Me-di-a-tor re-gres-sion ty
pe: \T1/zi4/m/n/10 "linear" \T1/ptm/m/n/10 or \T1/zi4/m/n/10 "logistic"\T1/ptm/
m/n/10 . 
[15] [16] [17] [18] [19]
Overfull \hbox (12.81824pt too wide) in paragraph at lines 997--998
[]\T1/ptm/m/n/10 A char-ac-ter vec-tor of length 1. Me-di-a-tor re-gres-sion ty
pe: \T1/zi4/m/n/10 "linear" \T1/ptm/m/n/10 or \T1/zi4/m/n/10 "logistic"\T1/ptm/
m/n/10 . 

Overfull \hbox (5.20837pt too wide) in paragraph at lines 999--1000
[]\T1/ptm/m/n/10 A char-ac-ter vec-tor of length 1. Out-come re-gres-sion type:
 \T1/zi4/m/n/10 "linear"\T1/ptm/m/n/10 , \T1/zi4/m/n/10 "logistic"\T1/ptm/m/n/1
0 ,

Overfull \hbox (52.38095pt too wide) in paragraph at lines 999--1000
\T1/zi4/m/n/10 "loglinear"\T1/ptm/m/n/10 , \T1/zi4/m/n/10 "poisson"\T1/ptm/m/n/
10 , \T1/zi4/m/n/10 "negbin"\T1/ptm/m/n/10 , \T1/zi4/m/n/10 "survCox"\T1/ptm/m/
n/10 , \T1/zi4/m/n/10 "survAFT_exp"\T1/ptm/m/n/10 , or \T1/zi4/m/n/10 "survAFT_
weibull"\T1/ptm/m/n/10 . 
[20] [21] [22] [23]
Overfull \hbox (5.20837pt too wide) in paragraph at lines 1228--1229
[]\T1/ptm/m/n/10 A char-ac-ter vec-tor of length 1. Out-come re-gres-sion type:
 \T1/zi4/m/n/10 "linear"\T1/ptm/m/n/10 , \T1/zi4/m/n/10 "logistic"\T1/ptm/m/n/1
0 ,

Overfull \hbox (52.38095pt too wide) in paragraph at lines 1228--1229
\T1/zi4/m/n/10 "loglinear"\T1/ptm/m/n/10 , \T1/zi4/m/n/10 "poisson"\T1/ptm/m/n/
10 , \T1/zi4/m/n/10 "negbin"\T1/ptm/m/n/10 , \T1/zi4/m/n/10 "survCox"\T1/ptm/m/
n/10 , \T1/zi4/m/n/10 "survAFT_exp"\T1/ptm/m/n/10 , or \T1/zi4/m/n/10 "survAFT_
weibull"\T1/ptm/m/n/10 . 
[24] [25]
Overfull \hbox (12.81824pt too wide) in paragraph at lines 1308--1309
[]\T1/ptm/m/n/10 A char-ac-ter vec-tor of length 1. Me-di-a-tor re-gres-sion ty
pe: \T1/zi4/m/n/10 "linear" \T1/ptm/m/n/10 or \T1/zi4/m/n/10 "logistic"\T1/ptm/
m/n/10 . 

Overfull \hbox (5.20837pt too wide) in paragraph at lines 1310--1311
[]\T1/ptm/m/n/10 A char-ac-ter vec-tor of length 1. Out-come re-gres-sion type:
 \T1/zi4/m/n/10 "linear"\T1/ptm/m/n/10 , \T1/zi4/m/n/10 "logistic"\T1/ptm/m/n/1
0 ,

Overfull \hbox (52.38095pt too wide) in paragraph at lines 1310--1311
\T1/zi4/m/n/10 "loglinear"\T1/ptm/m/n/10 , \T1/zi4/m/n/10 "poisson"\T1/ptm/m/n/
10 , \T1/zi4/m/n/10 "negbin"\T1/ptm/m/n/10 , \T1/zi4/m/n/10 "survCox"\T1/ptm/m/
n/10 , \T1/zi4/m/n/10 "survAFT_exp"\T1/ptm/m/n/10 , or \T1/zi4/m/n/10 "survAFT_
weibull"\T1/ptm/m/n/10 . 
[26] [27] [28]
(/private/var/folders/tw/8n5jbz5s5xn7zybd_xkgv9y80000gn/T/RtmpkK8M1o/Rd2pdf4d18
1a025e68/Rd2.ind [29]
Overfull \hbox (3.3567pt too wide) in paragraph at lines 19--21
[]\T1/zi4/m/n/10 calc_myreg_mreg_logistic_yreg_logistic\T1/ptm/m/n/10 , 
[30])
(/private/var/folders/tw/8n5jbz5s5xn7zybd_xkgv9y80000gn/T/RtmpkK8M1o/Rd2pdf4d18
1a025e68/Rd2.aux) )
(see the transcript file for additional information)pdfTeX warning (dest): name
{Rfn.sandwich} has been referenced but does not exist, replaced by a fixed one

pdfTeX warning (dest): name{Rfn.summary.glm} has been referenced but does not e
xist, replaced by a fixed one

pdfTeX warning (dest): name{Rfn.survreg} has been referenced but does not exist
, replaced by a fixed one

pdfTeX warning (dest): name{Rfn.coxph} has been referenced but does not exist, 
replaced by a fixed one

pdfTeX warning (dest): name{Rfn.glm.nb} has been referenced but does not exist,
 replaced by a fixed one

pdfTeX warning (dest): name{Rfn.glm} has been referenced but does not exist, re
placed by a fixed one

pdfTeX warning (dest): name{Rfn.lm} has been referenced but does not exist, rep
laced by a fixed one

pdfTeX warning (dest): name{Rfn.coef} has been referenced but does not exist, r
eplaced by a fixed one

{/Users/yili/Library/TinyTeX/texmf-dist/fonts/enc/dvips/inconsolata/i4-ts1.enc}
{/Users/yili/Library/TinyTeX/texmf-dist/fonts/enc/dvips/base/8r.enc}{/Users/yil
i/Library/TinyTeX/texmf-dist/fonts/enc/dvips/inconsolata/i4-t1-0.enc}</Users/yi
li/Library/TinyTeX/texmf-dist/fonts/type1/public/inconsolata/Inconsolata-zi4r.p
fb></Users/yili/Library/TinyTeX/texmf-dist/fonts/type1/public/amsfonts/cm/cmsy1
0.pfb></Users/yili/Library/TinyTeX/texmf-dist/fonts/type1/urw/helvetic/uhvr8a.p
fb></Users/yili/Library/TinyTeX/texmf-dist/fonts/type1/urw/times/utmb8a.pfb></U
sers/yili/Library/TinyTeX/texmf-dist/fonts/type1/urw/times/utmr8a.pfb></Users/y
ili/Library/TinyTeX/texmf-dist/fonts/type1/urw/times/utmr8a.pfb></Users/yili/Li
brary/TinyTeX/texmf-dist/fonts/type1/urw/times/utmri8a.pfb>
Output written on Rd2.pdf (30 pages, 144475 bytes).
Transcript written on Rd2.log.
Saving output to regmedint-manual.pdf ...
Done
You may want to clean up by 'rm -Rf /var/folders/tw/8n5jbz5s5xn7zybd_xkgv9y80000gn/T//RtmpkK8M1o/Rd2pdf4d181a025e68'
