This is pdfTeX, Version 3.141592653-2.6-1.40.22 (TeX Live 2021) (preloaded format=pdflatex 2021.5.13)  11 AUG 2021 22:55
entering extended mode
 restricted \write18 enabled.
 %&-line parsing enabled.
**\nonstopmode \input ./Rd2.tex \input ./Rd2.tex \input ./Rd2.tex \input ./Rd2.
tex
(./Rd2.tex
(/Users/yili/Library/TinyTeX/texmf-dist/tex/latex/base/book.cls
Document Class: book 2020/04/10 v1.4m Standard LaTeX document class
(/Users/yili/Library/TinyTeX/texmf-dist/tex/latex/base/bk10.clo
File: bk10.clo 2020/04/10 v1.4m Standard LaTeX file (size option)
)
\c@part=\count179
\c@chapter=\count180
\c@section=\count181
\c@subsection=\count182
\c@subsubsection=\count183
\c@paragraph=\count184
\c@subparagraph=\count185
\c@figure=\count186
\c@table=\count187
\abovecaptionskip=\skip47
\belowcaptionskip=\skip48
\bibindent=\dimen138
)
(/Library/Frameworks/R.framework/Resources/share/texmf/tex/latex/Rd.sty
Package: Rd 

(/Users/yili/Library/TinyTeX/texmf-dist/tex/latex/base/ifthen.sty
Package: ifthen 2014/09/29 v1.1c Standard LaTeX ifthen package (DPC)
)
(/Users/yili/Library/TinyTeX/texmf-dist/tex/latex/tools/longtable.sty
Package: longtable 2020/01/07 v4.13 Multi-page Table package (DPC)
\LTleft=\skip49
\LTright=\skip50
\LTpre=\skip51
\LTpost=\skip52
\LTchunksize=\count188
\LTcapwidth=\dimen139
\LT@head=\box47
\LT@firsthead=\box48
\LT@foot=\box49
\LT@lastfoot=\box50
\LT@cols=\count189
\LT@rows=\count190
\c@LT@tables=\count191
\c@LT@chunks=\count192
\LT@p@ftn=\toks15
)
(/Users/yili/Library/TinyTeX/texmf-dist/tex/latex/tools/bm.sty
Package: bm 2019/07/24 v1.2d Bold Symbol Support (DPC/FMi)
\symboldoperators=\mathgroup4
\symboldletters=\mathgroup5
\symboldsymbols=\mathgroup6
LaTeX Font Info:    Redeclaring math alphabet \mathbf on input line 141.
LaTeX Info: Redefining \bm on input line 209.
)
(/Users/yili/Library/TinyTeX/texmf-dist/tex/latex/base/alltt.sty
Package: alltt 1997/06/16 v2.0g defines alltt environment
)
(/Users/yili/Library/TinyTeX/texmf-dist/tex/latex/tools/verbatim.sty
Package: verbatim 2020-07-07 v1.5u LaTeX2e package for verbatim enhancements
\every@verbatim=\toks16
\verbatim@line=\toks17
\verbatim@in@stream=\read2
)
(/Users/yili/Library/TinyTeX/texmf-dist/tex/latex/url/url.sty
\Urlmuskip=\muskip16
Package: url 2013/09/16  ver 3.4  Verb mode for urls, etc.
)
(/Users/yili/Library/TinyTeX/texmf-dist/tex/latex/base/textcomp.sty
Package: textcomp 2020/02/02 v2.0n Standard LaTeX package
)
\ldescriptionwidth=\skip53

(/Users/yili/Library/TinyTeX/texmf-dist/tex/latex/base/fontenc.sty
Package: fontenc 2020/08/10 v2.0s Standard LaTeX package
)
(/Users/yili/Library/TinyTeX/texmf-dist/tex/latex/psnfss/times.sty
Package: times 2020/03/25 PSNFSS-v9.3 (SPQR) 
)
(/Users/yili/Library/TinyTeX/texmf-dist/tex/latex/inconsolata/zi4.sty
Package: zi4 2019/05/17 v1.12

`inconsolata-zi4' v1.12, 2019/05/17 Text macros for Inconsolata (msharpe)
(/Users/yili/Library/TinyTeX/texmf-dist/tex/latex/xkeyval/xkeyval.sty
Package: xkeyval 2020/11/20 v2.8 package option processing (HA)

(/Users/yili/Library/TinyTeX/texmf-dist/tex/generic/xkeyval/xkeyval.tex
(/Users/yili/Library/TinyTeX/texmf-dist/tex/generic/xkeyval/xkvutils.tex
\XKV@toks=\toks18
\XKV@tempa@toks=\toks19

(/Users/yili/Library/TinyTeX/texmf-dist/tex/generic/xkeyval/keyval.tex))
\XKV@depth=\count193
File: xkeyval.tex 2014/12/03 v2.7a key=value parser (HA)
))
\zifour@ocount=\count194
)
(/Users/yili/Library/TinyTeX/texmf-dist/tex/latex/graphics/color.sty
Package: color 2020/02/24 v1.2b Standard LaTeX Color (DPC)

(/Users/yili/Library/TinyTeX/texmf-dist/tex/latex/graphics-cfg/color.cfg
File: color.cfg 2016/01/02 v1.6 sample color configuration
)
Package color Info: Driver file: pdftex.def on input line 147.

(/Users/yili/Library/TinyTeX/texmf-dist/tex/latex/graphics-def/pdftex.def
File: pdftex.def 2020/10/05 v1.2a Graphics/color driver for pdftex
))
(/Users/yili/Library/TinyTeX/texmf-dist/tex/latex/hyperref/hyperref.sty
Package: hyperref 2021-02-27 v7.00k Hypertext links for LaTeX

(/Users/yili/Library/TinyTeX/texmf-dist/tex/generic/ltxcmds/ltxcmds.sty
Package: ltxcmds 2020-05-10 v1.25 LaTeX kernel commands for general use (HO)
)
(/Users/yili/Library/TinyTeX/texmf-dist/tex/generic/iftex/iftex.sty
Package: iftex 2020/03/06 v1.0d TeX engine tests
)
(/Users/yili/Library/TinyTeX/texmf-dist/tex/generic/pdftexcmds/pdftexcmds.sty
Package: pdftexcmds 2020-06-27 v0.33 Utility functions of pdfTeX for LuaTeX (HO
)

(/Users/yili/Library/TinyTeX/texmf-dist/tex/generic/infwarerr/infwarerr.sty
Package: infwarerr 2019/12/03 v1.5 Providing info/warning/error messages (HO)
)
Package pdftexcmds Info: \pdf@primitive is available.
Package pdftexcmds Info: \pdf@ifprimitive is available.
Package pdftexcmds Info: \pdfdraftmode found.
)
(/Users/yili/Library/TinyTeX/texmf-dist/tex/generic/kvsetkeys/kvsetkeys.sty
Package: kvsetkeys 2019/12/15 v1.18 Key value parser (HO)
)
(/Users/yili/Library/TinyTeX/texmf-dist/tex/generic/kvdefinekeys/kvdefinekeys.s
ty
Package: kvdefinekeys 2019-12-19 v1.6 Define keys (HO)
) (/Users/yili/Library/TinyTeX/texmf-dist/tex/generic/pdfescape/pdfescape.sty
Package: pdfescape 2019/12/09 v1.15 Implements pdfTeX's escape features (HO)
) (/Users/yili/Library/TinyTeX/texmf-dist/tex/latex/hycolor/hycolor.sty
Package: hycolor 2020-01-27 v1.10 Color options for hyperref/bookmark (HO)
)
(/Users/yili/Library/TinyTeX/texmf-dist/tex/latex/letltxmacro/letltxmacro.sty
Package: letltxmacro 2019/12/03 v1.6 Let assignment for LaTeX macros (HO)
)
(/Users/yili/Library/TinyTeX/texmf-dist/tex/latex/auxhook/auxhook.sty
Package: auxhook 2019-12-17 v1.6 Hooks for auxiliary files (HO)
)
(/Users/yili/Library/TinyTeX/texmf-dist/tex/latex/kvoptions/kvoptions.sty
Package: kvoptions 2020-10-07 v3.14 Key value format for package options (HO)
)
\@linkdim=\dimen140
\Hy@linkcounter=\count195
\Hy@pagecounter=\count196

(/Users/yili/Library/TinyTeX/texmf-dist/tex/latex/hyperref/pd1enc.def
File: pd1enc.def 2021-02-27 v7.00k Hyperref: PDFDocEncoding definition (HO)
Now handling font encoding PD1 ...
... no UTF-8 mapping file for font encoding PD1
)
(/Users/yili/Library/TinyTeX/texmf-dist/tex/latex/hyperref/hyperref-langpatches
.def
File: hyperref-langpatches.def 2021-02-27 v7.00k Hyperref: patches for babel la
nguages
) (/Users/yili/Library/TinyTeX/texmf-dist/tex/generic/intcalc/intcalc.sty
Package: intcalc 2019/12/15 v1.3 Expandable calculations with integers (HO)
)
(/Users/yili/Library/TinyTeX/texmf-dist/tex/generic/etexcmds/etexcmds.sty
Package: etexcmds 2019/12/15 v1.7 Avoid name clashes with e-TeX commands (HO)
)
\Hy@SavedSpaceFactor=\count197

(/Users/yili/Library/TinyTeX/texmf-dist/tex/latex/hyperref/puenc.def
File: puenc.def 2021-02-27 v7.00k Hyperref: PDF Unicode definition (HO)
Now handling font encoding PU ...
... no UTF-8 mapping file for font encoding PU
)
Package hyperref Info: Hyper figures OFF on input line 4192.
Package hyperref Info: Link nesting OFF on input line 4197.
Package hyperref Info: Hyper index ON on input line 4200.
Package hyperref Info: Plain pages OFF on input line 4207.
Package hyperref Info: Backreferencing OFF on input line 4212.
Package hyperref Info: Implicit mode ON; LaTeX internals redefined.
Package hyperref Info: Bookmarks ON on input line 4445.
\c@Hy@tempcnt=\count198
LaTeX Info: Redefining \url on input line 4804.
\XeTeXLinkMargin=\dimen141

(/Users/yili/Library/TinyTeX/texmf-dist/tex/generic/bitset/bitset.sty
Package: bitset 2019/12/09 v1.3 Handle bit-vector datatype (HO)

(/Users/yili/Library/TinyTeX/texmf-dist/tex/generic/bigintcalc/bigintcalc.sty
Package: bigintcalc 2019/12/15 v1.5 Expandable calculations on big integers (HO
)
))
\Fld@menulength=\count199
\Field@Width=\dimen142
\Fld@charsize=\dimen143
Package hyperref Info: Hyper figures OFF on input line 6075.
Package hyperref Info: Link nesting OFF on input line 6080.
Package hyperref Info: Hyper index ON on input line 6083.
Package hyperref Info: backreferencing OFF on input line 6090.
Package hyperref Info: Link coloring OFF on input line 6095.
Package hyperref Info: Link coloring with OCG OFF on input line 6100.
Package hyperref Info: PDF/A mode OFF on input line 6105.
LaTeX Info: Redefining \ref on input line 6145.
LaTeX Info: Redefining \pageref on input line 6149.
(/Users/yili/Library/TinyTeX/texmf-dist/tex/latex/base/atbegshi-ltx.sty
Package: atbegshi-ltx 2020/08/17 v1.0a Emulation of the original atbegshi packa
ge
with kernel methods
)
\Hy@abspage=\count266
\c@Item=\count267
\c@Hfootnote=\count268
)
Package hyperref Info: Driver (autodetected): hpdftex.

(/Users/yili/Library/TinyTeX/texmf-dist/tex/latex/hyperref/hpdftex.def
File: hpdftex.def 2021-02-27 v7.00k Hyperref driver for pdfTeX

(/Users/yili/Library/TinyTeX/texmf-dist/tex/latex/base/atveryend-ltx.sty
Package: atveryend-ltx 2020/08/19 v1.0a Emulation of the original atvery packag
e
with kernel methods
)
\Fld@listcount=\count269
\c@bookmark@seq@number=\count270

(/Users/yili/Library/TinyTeX/texmf-dist/tex/latex/rerunfilecheck/rerunfilecheck
.sty
Package: rerunfilecheck 2019/12/05 v1.9 Rerun checks for auxiliary files (HO)

(/Users/yili/Library/TinyTeX/texmf-dist/tex/generic/uniquecounter/uniquecounter
.sty
Package: uniquecounter 2019/12/15 v1.4 Provide unlimited unique counter (HO)
)
Package uniquecounter Info: New unique counter `rerunfilecheck' on input line 2
86.
)
\Hy@SectionHShift=\skip54
)

Package hyperref Warning: Option `hyperindex' has already been used,
(hyperref)                setting the option has no effect on input line 377.

Package hyperref Info: Option `colorlinks' set `true' on input line 377.

Package hyperref Warning: Option `pagebackref' has already been used,
(hyperref)                setting the option has no effect on input line 377.

Package hyperref Info: Option `linktocpage' set `true' on input line 377.
Package hyperref Info: Option `plainpages' set `false' on input line 377.
) (/Users/yili/Library/TinyTeX/texmf-dist/tex/latex/base/makeidx.sty
Package: makeidx 2014/09/29 v1.0m Standard LaTeX package
)
(/Users/yili/Library/TinyTeX/texmf-dist/tex/latex/base/inputenc.sty
Package: inputenc 2020/08/01 v1.3d Input encoding file
\inpenc@prehook=\toks20
\inpenc@posthook=\toks21
)
\@indexfile=\write3
\openout3 = `Rd2.idx'.


Writing index file Rd2.idx
LaTeX Font Info:    Trying to load font information for T1+ptm on input line 8.

(/Users/yili/Library/TinyTeX/texmf-dist/tex/latex/psnfss/t1ptm.fd
File: t1ptm.fd 2001/06/04 font definitions for T1/ptm.
)
(/Users/yili/Library/TinyTeX/texmf-dist/tex/latex/l3backend/l3backend-pdftex.de
f
File: l3backend-pdftex.def 2021-05-07 L3 backend support: PDF output (pdfTeX)
\l__color_backend_stack_int=\count271
\l__pdf_internal_box=\box51
)
(/private/var/folders/tw/8n5jbz5s5xn7zybd_xkgv9y80000gn/T/RtmpkK8M1o/Rd2pdf4d18
1a025e68/Rd2.aux)
\openout1 = `Rd2.aux'.

LaTeX Font Info:    Checking defaults for OML/cmm/m/it on input line 8.
LaTeX Font Info:    ... okay on input line 8.
LaTeX Font Info:    Checking defaults for OMS/cmsy/m/n on input line 8.
LaTeX Font Info:    ... okay on input line 8.
LaTeX Font Info:    Checking defaults for OT1/cmr/m/n on input line 8.
LaTeX Font Info:    ... okay on input line 8.
LaTeX Font Info:    Checking defaults for T1/cmr/m/n on input line 8.
LaTeX Font Info:    ... okay on input line 8.
LaTeX Font Info:    Checking defaults for TS1/cmr/m/n on input line 8.
LaTeX Font Info:    ... okay on input line 8.
LaTeX Font Info:    Checking defaults for OMX/cmex/m/n on input line 8.
LaTeX Font Info:    ... okay on input line 8.
LaTeX Font Info:    Checking defaults for U/cmr/m/n on input line 8.
LaTeX Font Info:    ... okay on input line 8.
LaTeX Font Info:    Checking defaults for PD1/pdf/m/n on input line 8.
LaTeX Font Info:    ... okay on input line 8.
LaTeX Font Info:    Checking defaults for PU/pdf/m/n on input line 8.
LaTeX Font Info:    ... okay on input line 8.
Package hyperref Info: Link coloring ON on input line 8.

(/Users/yili/Library/TinyTeX/texmf-dist/tex/latex/hyperref/nameref.sty
Package: nameref 2021-04-02 v2.47 Cross-referencing by name of section

(/Users/yili/Library/TinyTeX/texmf-dist/tex/latex/refcount/refcount.sty
Package: refcount 2019/12/15 v3.6 Data extraction from label references (HO)
)
(/Users/yili/Library/TinyTeX/texmf-dist/tex/generic/gettitlestring/gettitlestri
ng.sty
Package: gettitlestring 2019/12/15 v1.6 Cleanup title references (HO)
)
\c@section@level=\count272
)
LaTeX Info: Redefining \ref on input line 8.
LaTeX Info: Redefining \pageref on input line 8.
LaTeX Info: Redefining \nameref on input line 8.

(/private/var/folders/tw/8n5jbz5s5xn7zybd_xkgv9y80000gn/T/RtmpkK8M1o/Rd2pdf4d18
1a025e68/Rd2.out)
(/private/var/folders/tw/8n5jbz5s5xn7zybd_xkgv9y80000gn/T/RtmpkK8M1o/Rd2pdf4d18
1a025e68/Rd2.out)
\@outlinefile=\write4
\openout4 = `Rd2.out'.

LaTeX Font Info:    Trying to load font information for TS1+ptm on input line 2
0.

(/Users/yili/Library/TinyTeX/texmf-dist/tex/latex/psnfss/ts1ptm.fd
File: ts1ptm.fd 2001/06/04 font definitions for TS1/ptm.
)
LaTeX Font Info:    Trying to load font information for T1+zi4 on input line 29
.

(/Users/yili/Library/TinyTeX/texmf-dist/tex/latex/inconsolata/t1zi4.fd
File: t1zi4.fd 2018/01/14 T1/zi4 (Inconsolata)
)
LaTeX Font Info:    Font shape `T1/zi4/m/n' will be
(Font)              scaled to size 10.0pt on input line 29.
LaTeX Font Info:    External font `cmex10' loaded for size
(Font)              <7> on input line 29.
LaTeX Font Info:    External font `cmex10' loaded for size
(Font)              <5> on input line 29.
LaTeX Font Info:    Trying to load font information for T1+phv on input line 38
.

(/Users/yili/Library/TinyTeX/texmf-dist/tex/latex/psnfss/t1phv.fd
File: t1phv.fd 2020/03/25 scalable font definitions for T1/phv.
)
(/private/var/folders/tw/8n5jbz5s5xn7zybd_xkgv9y80000gn/T/RtmpkK8M1o/Rd2pdf4d18
1a025e68/Rd2.toc [1


{/Users/yili/Library/TinyTeX/texmf-var/fonts/map/pdftex/updmap/pdftex.map}])
\tf@toc=\write5
\openout5 = `Rd2.toc'.


Overfull \hbox (12.81824pt too wide) in paragraph at lines 58--59
[]\T1/ptm/m/n/10 A char-ac-ter vec-tor of length 1. Me-di-a-tor re-gres-sion ty
pe: \T1/zi4/m/n/10 "linear" \T1/ptm/m/n/10 or \T1/zi4/m/n/10 "logistic"\T1/ptm/
m/n/10 . 
 []

[2]
Overfull \hbox (12.81824pt too wide) in paragraph at lines 100--101
[]\T1/ptm/m/n/10 A char-ac-ter vec-tor of length 1. Me-di-a-tor re-gres-sion ty
pe: \T1/zi4/m/n/10 "linear" \T1/ptm/m/n/10 or \T1/zi4/m/n/10 "logistic"\T1/ptm/
m/n/10 . 
 []


Overfull \hbox (5.20837pt too wide) in paragraph at lines 104--105
[]\T1/ptm/m/n/10 A char-ac-ter vec-tor of length 1. Out-come re-gres-sion type:
 \T1/zi4/m/n/10 "linear"\T1/ptm/m/n/10 , \T1/zi4/m/n/10 "logistic"\T1/ptm/m/n/1
0 ,
 []


Overfull \hbox (52.38095pt too wide) in paragraph at lines 104--105
\T1/zi4/m/n/10 "loglinear"\T1/ptm/m/n/10 , \T1/zi4/m/n/10 "poisson"\T1/ptm/m/n/
10 , \T1/zi4/m/n/10 "negbin"\T1/ptm/m/n/10 , \T1/zi4/m/n/10 "survCox"\T1/ptm/m/
n/10 , \T1/zi4/m/n/10 "survAFT_exp"\T1/ptm/m/n/10 , or \T1/zi4/m/n/10 "survAFT_
weibull"\T1/ptm/m/n/10 . 
 []

[3]
Overfull \hbox (12.81824pt too wide) in paragraph at lines 154--155
[]\T1/ptm/m/n/10 A char-ac-ter vec-tor of length 1. Me-di-a-tor re-gres-sion ty
pe: \T1/zi4/m/n/10 "linear" \T1/ptm/m/n/10 or \T1/zi4/m/n/10 "logistic"\T1/ptm/
m/n/10 . 
 []


Overfull \hbox (5.20837pt too wide) in paragraph at lines 158--159
[]\T1/ptm/m/n/10 A char-ac-ter vec-tor of length 1. Out-come re-gres-sion type:
 \T1/zi4/m/n/10 "linear"\T1/ptm/m/n/10 , \T1/zi4/m/n/10 "logistic"\T1/ptm/m/n/1
0 ,
 []


Overfull \hbox (52.38095pt too wide) in paragraph at lines 158--159
\T1/zi4/m/n/10 "loglinear"\T1/ptm/m/n/10 , \T1/zi4/m/n/10 "poisson"\T1/ptm/m/n/
10 , \T1/zi4/m/n/10 "negbin"\T1/ptm/m/n/10 , \T1/zi4/m/n/10 "survCox"\T1/ptm/m/
n/10 , \T1/zi4/m/n/10 "survAFT_exp"\T1/ptm/m/n/10 , or \T1/zi4/m/n/10 "survAFT_
weibull"\T1/ptm/m/n/10 . 
 []

[4]
Overfull \hbox (12.81824pt too wide) in paragraph at lines 208--209
[]\T1/ptm/m/n/10 A char-ac-ter vec-tor of length 1. Me-di-a-tor re-gres-sion ty
pe: \T1/zi4/m/n/10 "linear" \T1/ptm/m/n/10 or \T1/zi4/m/n/10 "logistic"\T1/ptm/
m/n/10 . 
 []


Overfull \hbox (5.20837pt too wide) in paragraph at lines 212--213
[]\T1/ptm/m/n/10 A char-ac-ter vec-tor of length 1. Out-come re-gres-sion type:
 \T1/zi4/m/n/10 "linear"\T1/ptm/m/n/10 , \T1/zi4/m/n/10 "logistic"\T1/ptm/m/n/1
0 ,
 []


Overfull \hbox (52.38095pt too wide) in paragraph at lines 212--213
\T1/zi4/m/n/10 "loglinear"\T1/ptm/m/n/10 , \T1/zi4/m/n/10 "poisson"\T1/ptm/m/n/
10 , \T1/zi4/m/n/10 "negbin"\T1/ptm/m/n/10 , \T1/zi4/m/n/10 "survCox"\T1/ptm/m/
n/10 , \T1/zi4/m/n/10 "survAFT_exp"\T1/ptm/m/n/10 , or \T1/zi4/m/n/10 "survAFT_
weibull"\T1/ptm/m/n/10 . 
 []

[5]
Overfull \hbox (12.81824pt too wide) in paragraph at lines 262--263
[]\T1/ptm/m/n/10 A char-ac-ter vec-tor of length 1. Me-di-a-tor re-gres-sion ty
pe: \T1/zi4/m/n/10 "linear" \T1/ptm/m/n/10 or \T1/zi4/m/n/10 "logistic"\T1/ptm/
m/n/10 . 
 []


Overfull \hbox (5.20837pt too wide) in paragraph at lines 266--267
[]\T1/ptm/m/n/10 A char-ac-ter vec-tor of length 1. Out-come re-gres-sion type:
 \T1/zi4/m/n/10 "linear"\T1/ptm/m/n/10 , \T1/zi4/m/n/10 "logistic"\T1/ptm/m/n/1
0 ,
 []


Overfull \hbox (52.38095pt too wide) in paragraph at lines 266--267
\T1/zi4/m/n/10 "loglinear"\T1/ptm/m/n/10 , \T1/zi4/m/n/10 "poisson"\T1/ptm/m/n/
10 , \T1/zi4/m/n/10 "negbin"\T1/ptm/m/n/10 , \T1/zi4/m/n/10 "survCox"\T1/ptm/m/
n/10 , \T1/zi4/m/n/10 "survAFT_exp"\T1/ptm/m/n/10 , or \T1/zi4/m/n/10 "survAFT_
weibull"\T1/ptm/m/n/10 . 
 []

[6]
Overfull \hbox (12.81824pt too wide) in paragraph at lines 316--317
[]\T1/ptm/m/n/10 A char-ac-ter vec-tor of length 1. Me-di-a-tor re-gres-sion ty
pe: \T1/zi4/m/n/10 "linear" \T1/ptm/m/n/10 or \T1/zi4/m/n/10 "logistic"\T1/ptm/
m/n/10 . 
 []


Overfull \hbox (5.20837pt too wide) in paragraph at lines 320--321
[]\T1/ptm/m/n/10 A char-ac-ter vec-tor of length 1. Out-come re-gres-sion type:
 \T1/zi4/m/n/10 "linear"\T1/ptm/m/n/10 , \T1/zi4/m/n/10 "logistic"\T1/ptm/m/n/1
0 ,
 []


Overfull \hbox (52.38095pt too wide) in paragraph at lines 320--321
\T1/zi4/m/n/10 "loglinear"\T1/ptm/m/n/10 , \T1/zi4/m/n/10 "poisson"\T1/ptm/m/n/
10 , \T1/zi4/m/n/10 "negbin"\T1/ptm/m/n/10 , \T1/zi4/m/n/10 "survCox"\T1/ptm/m/
n/10 , \T1/zi4/m/n/10 "survAFT_exp"\T1/ptm/m/n/10 , or \T1/zi4/m/n/10 "survAFT_
weibull"\T1/ptm/m/n/10 . 
 []

[7]
LaTeX Font Info:    Trying to load font information for TS1+zi4 on input line 3
52.
 (/Users/yili/Library/TinyTeX/texmf-dist/tex/latex/inconsolata/ts1zi4.fd
File: ts1zi4.fd 2018/01/14 TS1/zi4 (Inconsolata)
)
LaTeX Font Info:    Font shape `TS1/zi4/m/n' will be
(Font)              scaled to size 10.0pt on input line 352.
LaTeX Font Info:    Font shape `T1/zi4/m/n' will be
(Font)              scaled to size 9.0pt on input line 378.

[8] [9] [10]
Overfull \hbox (12.81824pt too wide) in paragraph at lines 549--550
[]\T1/ptm/m/n/10 A char-ac-ter vec-tor of length 1. Me-di-a-tor re-gres-sion ty
pe: \T1/zi4/m/n/10 "linear" \T1/ptm/m/n/10 or \T1/zi4/m/n/10 "logistic"\T1/ptm/
m/n/10 . 
 []

[11]
Overfull \hbox (59.69934pt too wide) in paragraph at lines 570--571
\T1/ptm/m/n/10 (im-ple-mented as mod-i-fied Pois-son), \T1/zi4/m/n/10 "poisson"
\T1/ptm/m/n/10 , \T1/zi4/m/n/10 "negbin"\T1/ptm/m/n/10 , \T1/zi4/m/n/10 "survCo
x"\T1/ptm/m/n/10 , \T1/zi4/m/n/10 "survAFT_exp"\T1/ptm/m/n/10 , or \T1/zi4/m/n/
10 "survAFT_weibull"\T1/ptm/m/n/10 . 
 []


Overfull \hbox (5.20837pt too wide) in paragraph at lines 592--593
[]\T1/ptm/m/n/10 A char-ac-ter vec-tor of length 1. Out-come re-gres-sion type:
 \T1/zi4/m/n/10 "linear"\T1/ptm/m/n/10 , \T1/zi4/m/n/10 "logistic"\T1/ptm/m/n/1
0 ,
 []


Overfull \hbox (52.38095pt too wide) in paragraph at lines 592--593
\T1/zi4/m/n/10 "loglinear"\T1/ptm/m/n/10 , \T1/zi4/m/n/10 "poisson"\T1/ptm/m/n/
10 , \T1/zi4/m/n/10 "negbin"\T1/ptm/m/n/10 , \T1/zi4/m/n/10 "survCox"\T1/ptm/m/
n/10 , \T1/zi4/m/n/10 "survAFT_exp"\T1/ptm/m/n/10 , or \T1/zi4/m/n/10 "survAFT_
weibull"\T1/ptm/m/n/10 . 
 []

[12] [13] [14]
Overfull \hbox (5.20837pt too wide) in paragraph at lines 741--742
[]\T1/ptm/m/n/10 A char-ac-ter vec-tor of length 1. Out-come re-gres-sion type:
 \T1/zi4/m/n/10 "linear"\T1/ptm/m/n/10 , \T1/zi4/m/n/10 "logistic"\T1/ptm/m/n/1
0 ,
 []


Overfull \hbox (52.38095pt too wide) in paragraph at lines 741--742
\T1/zi4/m/n/10 "loglinear"\T1/ptm/m/n/10 , \T1/zi4/m/n/10 "poisson"\T1/ptm/m/n/
10 , \T1/zi4/m/n/10 "negbin"\T1/ptm/m/n/10 , \T1/zi4/m/n/10 "survCox"\T1/ptm/m/
n/10 , \T1/zi4/m/n/10 "survAFT_exp"\T1/ptm/m/n/10 , or \T1/zi4/m/n/10 "survAFT_
weibull"\T1/ptm/m/n/10 . 
 []


Overfull \hbox (12.81824pt too wide) in paragraph at lines 743--744
[]\T1/ptm/m/n/10 A char-ac-ter vec-tor of length 1. Me-di-a-tor re-gres-sion ty
pe: \T1/zi4/m/n/10 "linear" \T1/ptm/m/n/10 or \T1/zi4/m/n/10 "logistic"\T1/ptm/
m/n/10 . 
 []

[15] [16] [17] [18] [19]
Overfull \hbox (12.81824pt too wide) in paragraph at lines 997--998
[]\T1/ptm/m/n/10 A char-ac-ter vec-tor of length 1. Me-di-a-tor re-gres-sion ty
pe: \T1/zi4/m/n/10 "linear" \T1/ptm/m/n/10 or \T1/zi4/m/n/10 "logistic"\T1/ptm/
m/n/10 . 
 []


Overfull \hbox (5.20837pt too wide) in paragraph at lines 999--1000
[]\T1/ptm/m/n/10 A char-ac-ter vec-tor of length 1. Out-come re-gres-sion type:
 \T1/zi4/m/n/10 "linear"\T1/ptm/m/n/10 , \T1/zi4/m/n/10 "logistic"\T1/ptm/m/n/1
0 ,
 []


Overfull \hbox (52.38095pt too wide) in paragraph at lines 999--1000
\T1/zi4/m/n/10 "loglinear"\T1/ptm/m/n/10 , \T1/zi4/m/n/10 "poisson"\T1/ptm/m/n/
10 , \T1/zi4/m/n/10 "negbin"\T1/ptm/m/n/10 , \T1/zi4/m/n/10 "survCox"\T1/ptm/m/
n/10 , \T1/zi4/m/n/10 "survAFT_exp"\T1/ptm/m/n/10 , or \T1/zi4/m/n/10 "survAFT_
weibull"\T1/ptm/m/n/10 . 
 []

[20] [21] [22] [23]
Overfull \hbox (5.20837pt too wide) in paragraph at lines 1228--1229
[]\T1/ptm/m/n/10 A char-ac-ter vec-tor of length 1. Out-come re-gres-sion type:
 \T1/zi4/m/n/10 "linear"\T1/ptm/m/n/10 , \T1/zi4/m/n/10 "logistic"\T1/ptm/m/n/1
0 ,
 []


Overfull \hbox (52.38095pt too wide) in paragraph at lines 1228--1229
\T1/zi4/m/n/10 "loglinear"\T1/ptm/m/n/10 , \T1/zi4/m/n/10 "poisson"\T1/ptm/m/n/
10 , \T1/zi4/m/n/10 "negbin"\T1/ptm/m/n/10 , \T1/zi4/m/n/10 "survCox"\T1/ptm/m/
n/10 , \T1/zi4/m/n/10 "survAFT_exp"\T1/ptm/m/n/10 , or \T1/zi4/m/n/10 "survAFT_
weibull"\T1/ptm/m/n/10 . 
 []

[24] [25]
Overfull \hbox (12.81824pt too wide) in paragraph at lines 1308--1309
[]\T1/ptm/m/n/10 A char-ac-ter vec-tor of length 1. Me-di-a-tor re-gres-sion ty
pe: \T1/zi4/m/n/10 "linear" \T1/ptm/m/n/10 or \T1/zi4/m/n/10 "logistic"\T1/ptm/
m/n/10 . 
 []


Overfull \hbox (5.20837pt too wide) in paragraph at lines 1310--1311
[]\T1/ptm/m/n/10 A char-ac-ter vec-tor of length 1. Out-come re-gres-sion type:
 \T1/zi4/m/n/10 "linear"\T1/ptm/m/n/10 , \T1/zi4/m/n/10 "logistic"\T1/ptm/m/n/1
0 ,
 []


Overfull \hbox (52.38095pt too wide) in paragraph at lines 1310--1311
\T1/zi4/m/n/10 "loglinear"\T1/ptm/m/n/10 , \T1/zi4/m/n/10 "poisson"\T1/ptm/m/n/
10 , \T1/zi4/m/n/10 "negbin"\T1/ptm/m/n/10 , \T1/zi4/m/n/10 "survCox"\T1/ptm/m/
n/10 , \T1/zi4/m/n/10 "survAFT_exp"\T1/ptm/m/n/10 , or \T1/zi4/m/n/10 "survAFT_
weibull"\T1/ptm/m/n/10 . 
 []

[26] [27] [28]
(/private/var/folders/tw/8n5jbz5s5xn7zybd_xkgv9y80000gn/T/RtmpkK8M1o/Rd2pdf4d18
1a025e68/Rd2.ind [29]
Overfull \hbox (3.3567pt too wide) in paragraph at lines 19--21
[]\T1/zi4/m/n/10 calc_myreg_mreg_logistic_yreg_logistic\T1/ptm/m/n/10 , 
 []

[30

])
(/private/var/folders/tw/8n5jbz5s5xn7zybd_xkgv9y80000gn/T/RtmpkK8M1o/Rd2pdf4d18
1a025e68/Rd2.aux)
Package rerunfilecheck Info: File `Rd2.out' has not changed.
(rerunfilecheck)             Checksum: 861A8E54975DF7E7493EF3CE30CDBB8A;4735.
 ) 
Here is how much of TeX's memory you used:
 8626 strings out of 480806
 129237 string characters out of 5904033
 429260 words of memory out of 5000000
 25642 multiletter control sequences out of 15000+600000
 438282 words of font info for 62 fonts, out of 8000000 for 9000
 14 hyphenation exceptions out of 8191
 77i,6n,79p,692b,618s stack positions out of 5000i,500n,10000p,200000b,80000s
pdfTeX warning (dest): name{Rfn.sandwich} has been referenced but does not ex
ist, replaced by a fixed one

pdfTeX warning (dest): name{Rfn.summary.glm} has been referenced but does not e
xist, replaced by a fixed one

pdfTeX warning (dest): name{Rfn.survreg} has been referenced but does not exist
, replaced by a fixed one

pdfTeX warning (dest): name{Rfn.coxph} has been referenced but does not exist, 
replaced by a fixed one

pdfTeX warning (dest): name{Rfn.glm.nb} has been referenced but does not exist,
 replaced by a fixed one

pdfTeX warning (dest): name{Rfn.glm} has been referenced but does not exist, re
placed by a fixed one

pdfTeX warning (dest): name{Rfn.lm} has been referenced but does not exist, rep
laced by a fixed one

pdfTeX warning (dest): name{Rfn.coef} has been referenced but does not exist, r
eplaced by a fixed one

{/Users/yili/Library/TinyTeX/texmf-dist/fonts/enc/dvips/inconsolata/i4-ts1.enc}
{/Users/yili/Library/TinyTeX/texmf-dist/fonts/enc/dvips/base/8r.enc}{/Users/yil
i/Library/TinyTeX/texmf-dist/fonts/enc/dvips/inconsolata/i4-t1-0.enc}</Users/yi
li/Library/TinyTeX/texmf-dist/fonts/type1/public/inconsolata/Inconsolata-zi4r.p
fb></Users/yili/Library/TinyTeX/texmf-dist/fonts/type1/public/amsfonts/cm/cmsy1
0.pfb></Users/yili/Library/TinyTeX/texmf-dist/fonts/type1/urw/helvetic/uhvr8a.p
fb></Users/yili/Library/TinyTeX/texmf-dist/fonts/type1/urw/times/utmb8a.pfb></U
sers/yili/Library/TinyTeX/texmf-dist/fonts/type1/urw/times/utmr8a.pfb></Users/y
ili/Library/TinyTeX/texmf-dist/fonts/type1/urw/times/utmr8a.pfb></Users/yili/Li
brary/TinyTeX/texmf-dist/fonts/type1/urw/times/utmri8a.pfb>
Output written on Rd2.pdf (30 pages, 144475 bytes).
PDF statistics:
 620 PDF objects out of 1000 (max. 8388607)
 575 compressed objects within 6 object streams
 221 named destinations out of 1000 (max. 500000)
 233 words of extra memory for PDF output out of 10000 (max. 10000000)

